The system is: Linux - 3.10.0-1127.19.1.el7.x86_64 - x86_64
Compiling the C compiler identification source file "CMakeCCompilerId.c" succeeded.
Compiler: /opt/rh/devtoolset-6/root/usr/bin/cc 
Build flags: 
Id flags:  

The output was:
0


Compilation of the C compiler identification source "CMakeCCompilerId.c" produced "a.out"

The C compiler identification is GNU, found in "/home/csmajs/isant028/lab-06---strategy-pattern-mvong006-isant028-amuni012/CMakeFiles/3.17.3/CompilerIdC/a.out"

Compiling the CXX compiler identification source file "CMakeCXXCompilerId.cpp" succeeded.
Compiler: /opt/rh/devtoolset-6/root/usr/bin/c++ 
Build flags: 
Id flags:  

The output was:
0


Compilation of the CXX compiler identification source "CMakeCXXCompilerId.cpp" produced "a.out"

The CXX compiler identification is GNU, found in "/home/csmajs/isant028/lab-06---strategy-pattern-mvong006-isant028-amuni012/CMakeFiles/3.17.3/CompilerIdCXX/a.out"

Determining if the C compiler works passed with the following output:
Change Dir: /home/csmajs/isant028/lab-06---strategy-pattern-mvong006-isant028-amuni012/CMakeFiles/CMakeTmp

Run Build Command(s):/opt/rh/devtoolset-6/root/usr/bin/gmake cmTC_34cfd/fast && /opt/rh/devtoolset-6/root/usr/bin/gmake  -f CMakeFiles/cmTC_34cfd.dir/build.make CMakeFiles/cmTC_34cfd.dir/build
gmake[1]: Entering directory '/home/csmajs/isant028/lab-06---strategy-pattern-mvong006-isant028-amuni012/CMakeFiles/CMakeTmp'
Building C object CMakeFiles/cmTC_34cfd.dir/testCCompiler.c.o
/opt/rh/devtoolset-6/root/usr/bin/cc    -o CMakeFiles/cmTC_34cfd.dir/testCCompiler.c.o   -c /home/csmajs/isant028/lab-06---strategy-pattern-mvong006-isant028-amuni012/CMakeFiles/CMakeTmp/testCCompiler.c
Linking C executable cmTC_34cfd
/usr/bin/cmake3 -E cmake_link_script CMakeFiles/cmTC_34cfd.dir/link.txt --verbose=1
/opt/rh/devtoolset-6/root/usr/bin/cc      -rdynamic CMakeFiles/cmTC_34cfd.dir/testCCompiler.c.o  -o cmTC_34cfd 
gmake[1]: Leaving directory '/home/csmajs/isant028/lab-06---strategy-pattern-mvong006-isant028-amuni012/CMakeFiles/CMakeTmp'



Detecting C compiler ABI info compiled with the following output:
Change Dir: /home/csmajs/isant028/lab-06---strategy-pattern-mvong006-isant028-amuni012/CMakeFiles/CMakeTmp

Run Build Command(s):/opt/rh/devtoolset-6/root/usr/bin/gmake cmTC_4474e/fast && /opt/rh/devtoolset-6/root/usr/bin/gmake  -f CMakeFiles/cmTC_4474e.dir/build.make CMakeFiles/cmTC_4474e.dir/build
gmake[1]: Entering directory '/home/csmajs/isant028/lab-06---strategy-pattern-mvong006-isant028-amuni012/CMakeFiles/CMakeTmp'
Building C object CMakeFiles/cmTC_4474e.dir/CMakeCCompilerABI.c.o
/opt/rh/devtoolset-6/root/usr/bin/cc   -v -o CMakeFiles/cmTC_4474e.dir/CMakeCCompilerABI.c.o   -c /usr/share/cmake3/Modules/CMakeCCompilerABI.c
Using built-in specs.
COLLECT_GCC=/opt/rh/devtoolset-6/root/usr/bin/cc
Target: x86_64-redhat-linux
Configured with: ../configure --enable-bootstrap --enable-languages=c,c++,fortran,lto --prefix=/opt/rh/devtoolset-6/root/usr --mandir=/opt/rh/devtoolset-6/root/usr/share/man --infodir=/opt/rh/devtoolset-6/root/usr/share/info --with-bugurl=http://bugzilla.redhat.com/bugzilla --enable-shared --enable-threads=posix --enable-checking=release --enable-multilib --with-system-zlib --enable-__cxa_atexit --disable-libunwind-exceptions --enable-gnu-unique-object --enable-linker-build-id --enable-plugin --with-linker-hash-style=gnu --enable-initfini-array --disable-libgcj --with-default-libstdcxx-abi=gcc4-compatible --with-isl=/builddir/build/BUILD/gcc-6.3.1-20170216/obj-x86_64-redhat-linux/isl-install --enable-libmpx --enable-gnu-indirect-function --with-tune=generic --with-arch_32=i686 --build=x86_64-redhat-linux
Thread model: posix
gcc version 6.3.1 20170216 (Red Hat 6.3.1-3) (GCC) 
COLLECT_GCC_OPTIONS='-v' '-o' 'CMakeFiles/cmTC_4474e.dir/CMakeCCompilerABI.c.o' '-c' '-mtune=generic' '-march=x86-64'
 /opt/rh/devtoolset-6/root/usr/libexec/gcc/x86_64-redhat-linux/6.3.1/cc1 -quiet -v /usr/share/cmake3/Modules/CMakeCCompilerABI.c -quiet -dumpbase CMakeCCompilerABI.c -mtune=generic -march=x86-64 -auxbase-strip CMakeFiles/cmTC_4474e.dir/CMakeCCompilerABI.c.o -version -o /tmp/ccgiyzkT.s
GNU C11 (GCC) version 6.3.1 20170216 (Red Hat 6.3.1-3) (x86_64-redhat-linux)
	compiled by GNU C version 6.3.1 20170216 (Red Hat 6.3.1-3), GMP version 6.0.0, MPFR version 3.1.1, MPC version 1.0.1, isl version 0.14 or 0.13
GGC heuristics: --param ggc-min-expand=100 --param ggc-min-heapsize=131072
ignoring nonexistent directory "/opt/rh/devtoolset-6/root/usr/lib/gcc/x86_64-redhat-linux/6.3.1/include-fixed"
ignoring nonexistent directory "/opt/rh/devtoolset-6/root/usr/lib/gcc/x86_64-redhat-linux/6.3.1/../../../../x86_64-redhat-linux/include"
#include "..." search starts here:
#include <...> search starts here:
 /opt/rh/devtoolset-6/root/usr/lib/gcc/x86_64-redhat-linux/6.3.1/include
 /usr/local/include
 /opt/rh/devtoolset-6/root/usr/include
 /usr/include
End of search list.
GNU C11 (GCC) version 6.3.1 20170216 (Red Hat 6.3.1-3) (x86_64-redhat-linux)
	compiled by GNU C version 6.3.1 20170216 (Red Hat 6.3.1-3), GMP version 6.0.0, MPFR version 3.1.1, MPC version 1.0.1, isl version 0.14 or 0.13
GGC heuristics: --param ggc-min-expand=100 --param ggc-min-heapsize=131072
Compiler executable checksum: 18ac54e10fc1f4b39548d3adfa3b2617
COLLECT_GCC_OPTIONS='-v' '-o' 'CMakeFiles/cmTC_4474e.dir/CMakeCCompilerABI.c.o' '-c' '-mtune=generic' '-march=x86-64'
 /opt/rh/devtoolset-6/root/usr/libexec/gcc/x86_64-redhat-linux/6.3.1/as -v --64 -o CMakeFiles/cmTC_4474e.dir/CMakeCCompilerABI.c.o /tmp/ccgiyzkT.s
GNU assembler version 2.27 (x86_64-redhat-linux) using BFD version version 2.27-12.el7.1
COMPILER_PATH=/opt/rh/devtoolset-6/root/usr/libexec/gcc/x86_64-redhat-linux/6.3.1/:/opt/rh/devtoolset-6/root/usr/libexec/gcc/x86_64-redhat-linux/6.3.1/:/opt/rh/devtoolset-6/root/usr/libexec/gcc/x86_64-redhat-linux/:/opt/rh/devtoolset-6/root/usr/lib/gcc/x86_64-redhat-linux/6.3.1/:/opt/rh/devtoolset-6/root/usr/lib/gcc/x86_64-redhat-linux/
LIBRARY_PATH=/opt/rh/devtoolset-6/root/usr/lib/gcc/x86_64-redhat-linux/6.3.1/:/opt/rh/devtoolset-6/root/usr/lib/gcc/x86_64-redhat-linux/6.3.1/../../../../lib64/:/lib/../lib64/:/usr/lib/../lib64/:/opt/rh/devtoolset-6/root/usr/lib/gcc/x86_64-redhat-linux/6.3.1/../../../:/lib/:/usr/lib/
COLLECT_GCC_OPTIONS='-v' '-o' 'CMakeFiles/cmTC_4474e.dir/CMakeCCompilerABI.c.o' '-c' '-mtune=generic' '-march=x86-64'
Linking C executable cmTC_4474e
/usr/bin/cmake3 -E cmake_link_script CMakeFiles/cmTC_4474e.dir/link.txt --verbose=1
/opt/rh/devtoolset-6/root/usr/bin/cc     -v -rdynamic CMakeFiles/cmTC_4474e.dir/CMakeCCompilerABI.c.o  -o cmTC_4474e 
Using built-in specs.
COLLECT_GCC=/opt/rh/devtoolset-6/root/usr/bin/cc
COLLECT_LTO_WRAPPER=/opt/rh/devtoolset-6/root/usr/libexec/gcc/x86_64-redhat-linux/6.3.1/lto-wrapper
Target: x86_64-redhat-linux
Configured with: ../configure --enable-bootstrap --enable-languages=c,c++,fortran,lto --prefix=/opt/rh/devtoolset-6/root/usr --mandir=/opt/rh/devtoolset-6/root/usr/share/man --infodir=/opt/rh/devtoolset-6/root/usr/share/info --with-bugurl=http://bugzilla.redhat.com/bugzilla --enable-shared --enable-threads=posix --enable-checking=release --enable-multilib --with-system-zlib --enable-__cxa_atexit --disable-libunwind-exceptions --enable-gnu-unique-object --enable-linker-build-id --enable-plugin --with-linker-hash-style=gnu --enable-initfini-array --disable-libgcj --with-default-libstdcxx-abi=gcc4-compatible --with-isl=/builddir/build/BUILD/gcc-6.3.1-20170216/obj-x86_64-redhat-linux/isl-install --enable-libmpx --enable-gnu-indirect-function --with-tune=generic --with-arch_32=i686 --build=x86_64-redhat-linux
Thread model: posix
gcc version 6.3.1 20170216 (Red Hat 6.3.1-3) (GCC) 
COMPILER_PATH=/opt/rh/devtoolset-6/root/usr/libexec/gcc/x86_64-redhat-linux/6.3.1/:/opt/rh/devtoolset-6/root/usr/libexec/gcc/x86_64-redhat-linux/6.3.1/:/opt/rh/devtoolset-6/root/usr/libexec/gcc/x86_64-redhat-linux/:/opt/rh/devtoolset-6/root/usr/lib/gcc/x86_64-redhat-linux/6.3.1/:/opt/rh/devtoolset-6/root/usr/lib/gcc/x86_64-redhat-linux/
LIBRARY_PATH=/opt/rh/devtoolset-6/root/usr/lib/gcc/x86_64-redhat-linux/6.3.1/:/opt/rh/devtoolset-6/root/usr/lib/gcc/x86_64-redhat-linux/6.3.1/../../../../lib64/:/lib/../lib64/:/usr/lib/../lib64/:/opt/rh/devtoolset-6/root/usr/lib/gcc/x86_64-redhat-linux/6.3.1/../../../:/lib/:/usr/lib/
COLLECT_GCC_OPTIONS='-v' '-rdynamic' '-o' 'cmTC_4474e' '-mtune=generic' '-march=x86-64'
 /opt/rh/devtoolset-6/root/usr/libexec/gcc/x86_64-redhat-linux/6.3.1/collect2 -plugin /opt/rh/devtoolset-6/root/usr/libexec/gcc/x86_64-redhat-linux/6.3.1/liblto_plugin.so -plugin-opt=/opt/rh/devtoolset-6/root/usr/libexec/gcc/x86_64-redhat-linux/6.3.1/lto-wrapper -plugin-opt=-fresolution=/tmp/ccjMOJgU.res -plugin-opt=-pass-through=-lgcc -plugin-opt=-pass-through=-lgcc_s -plugin-opt=-pass-through=-lc -plugin-opt=-pass-through=-lgcc -plugin-opt=-pass-through=-lgcc_s --build-id --no-add-needed --eh-frame-hdr --hash-style=gnu -m elf_x86_64 -export-dynamic -dynamic-linker /lib64/ld-linux-x86-64.so.2 -o cmTC_4474e /lib/../lib64/crt1.o /lib/../lib64/crti.o /opt/rh/devtoolset-6/root/usr/lib/gcc/x86_64-redhat-linux/6.3.1/crtbegin.o -L/opt/rh/devtoolset-6/root/usr/lib/gcc/x86_64-redhat-linux/6.3.1 -L/opt/rh/devtoolset-6/root/usr/lib/gcc/x86_64-redhat-linux/6.3.1/../../../../lib64 -L/lib/../lib64 -L/usr/lib/../lib64 -L/opt/rh/devtoolset-6/root/usr/lib/gcc/x86_64-redhat-linux/6.3.1/../../.. CMakeFiles/cmTC_4474e.dir/CMakeCCompilerABI.c.o -lgcc --as-needed -lgcc_s --no-as-needed -lc -lgcc --as-needed -lgcc_s --no-as-needed /opt/rh/devtoolset-6/root/usr/lib/gcc/x86_64-redhat-linux/6.3.1/crtend.o /lib/../lib64/crtn.o
COLLECT_GCC_OPTIONS='-v' '-rdynamic' '-o' 'cmTC_4474e' '-mtune=generic' '-march=x86-64'
gmake[1]: Leaving directory '/home/csmajs/isant028/lab-06---strategy-pattern-mvong006-isant028-amuni012/CMakeFiles/CMakeTmp'



Parsed C implicit include dir info from above output: rv=done
  found start of include info
  found start of implicit include info
    add: [/opt/rh/devtoolset-6/root/usr/lib/gcc/x86_64-redhat-linux/6.3.1/include]
    add: [/usr/local/include]
    add: [/opt/rh/devtoolset-6/root/usr/include]
    add: [/usr/include]
  end of search list found
  collapse include dir [/opt/rh/devtoolset-6/root/usr/lib/gcc/x86_64-redhat-linux/6.3.1/include] ==> [/opt/rh/devtoolset-6/root/usr/lib/gcc/x86_64-redhat-linux/6.3.1/include]
  collapse include dir [/usr/local/include] ==> [/usr/local/include]
  collapse include dir [/opt/rh/devtoolset-6/root/usr/include] ==> [/opt/rh/devtoolset-6/root/usr/include]
  collapse include dir [/usr/include] ==> [/usr/include]
  implicit include dirs: [/opt/rh/devtoolset-6/root/usr/lib/gcc/x86_64-redhat-linux/6.3.1/include;/usr/local/include;/opt/rh/devtoolset-6/root/usr/include;/usr/include]


Parsed C implicit link information from above output:
  link line regex: [^( *|.*[/\])(ld|CMAKE_LINK_STARTFILE-NOTFOUND|([^/\]+-)?ld|collect2)[^/\]*( |$)]
  ignore line: [Change Dir: /home/csmajs/isant028/lab-06---strategy-pattern-mvong006-isant028-amuni012/CMakeFiles/CMakeTmp]
  ignore line: []
  ignore line: [Run Build Command(s):/opt/rh/devtoolset-6/root/usr/bin/gmake cmTC_4474e/fast && /opt/rh/devtoolset-6/root/usr/bin/gmake  -f CMakeFiles/cmTC_4474e.dir/build.make CMakeFiles/cmTC_4474e.dir/build]
  ignore line: [gmake[1]: Entering directory '/home/csmajs/isant028/lab-06---strategy-pattern-mvong006-isant028-amuni012/CMakeFiles/CMakeTmp']
  ignore line: [Building C object CMakeFiles/cmTC_4474e.dir/CMakeCCompilerABI.c.o]
  ignore line: [/opt/rh/devtoolset-6/root/usr/bin/cc   -v -o CMakeFiles/cmTC_4474e.dir/CMakeCCompilerABI.c.o   -c /usr/share/cmake3/Modules/CMakeCCompilerABI.c]
  ignore line: [Using built-in specs.]
  ignore line: [COLLECT_GCC=/opt/rh/devtoolset-6/root/usr/bin/cc]
  ignore line: [Target: x86_64-redhat-linux]
  ignore line: [Configured with: ../configure --enable-bootstrap --enable-languages=c c++ fortran lto --prefix=/opt/rh/devtoolset-6/root/usr --mandir=/opt/rh/devtoolset-6/root/usr/share/man --infodir=/opt/rh/devtoolset-6/root/usr/share/info --with-bugurl=http://bugzilla.redhat.com/bugzilla --enable-shared --enable-threads=posix --enable-checking=release --enable-multilib --with-system-zlib --enable-__cxa_atexit --disable-libunwind-exceptions --enable-gnu-unique-object --enable-linker-build-id --enable-plugin --with-linker-hash-style=gnu --enable-initfini-array --disable-libgcj --with-default-libstdcxx-abi=gcc4-compatible --with-isl=/builddir/build/BUILD/gcc-6.3.1-20170216/obj-x86_64-redhat-linux/isl-install --enable-libmpx --enable-gnu-indirect-function --with-tune=generic --with-arch_32=i686 --build=x86_64-redhat-linux]
  ignore line: [Thread model: posix]
  ignore line: [gcc version 6.3.1 20170216 (Red Hat 6.3.1-3) (GCC) ]
  ignore line: [COLLECT_GCC_OPTIONS='-v' '-o' 'CMakeFiles/cmTC_4474e.dir/CMakeCCompilerABI.c.o' '-c' '-mtune=generic' '-march=x86-64']
  ignore line: [ /opt/rh/devtoolset-6/root/usr/libexec/gcc/x86_64-redhat-linux/6.3.1/cc1 -quiet -v /usr/share/cmake3/Modules/CMakeCCompilerABI.c -quiet -dumpbase CMakeCCompilerABI.c -mtune=generic -march=x86-64 -auxbase-strip CMakeFiles/cmTC_4474e.dir/CMakeCCompilerABI.c.o -version -o /tmp/ccgiyzkT.s]
  ignore line: [GNU C11 (GCC) version 6.3.1 20170216 (Red Hat 6.3.1-3) (x86_64-redhat-linux)]
  ignore line: [	compiled by GNU C version 6.3.1 20170216 (Red Hat 6.3.1-3)  GMP version 6.0.0  MPFR version 3.1.1  MPC version 1.0.1  isl version 0.14 or 0.13]
  ignore line: [GGC heuristics: --param ggc-min-expand=100 --param ggc-min-heapsize=131072]
  ignore line: [ignoring nonexistent directory "/opt/rh/devtoolset-6/root/usr/lib/gcc/x86_64-redhat-linux/6.3.1/include-fixed"]
  ignore line: [ignoring nonexistent directory "/opt/rh/devtoolset-6/root/usr/lib/gcc/x86_64-redhat-linux/6.3.1/../../../../x86_64-redhat-linux/include"]
  ignore line: [#include "..." search starts here:]
  ignore line: [#include <...> search starts here:]
  ignore line: [ /opt/rh/devtoolset-6/root/usr/lib/gcc/x86_64-redhat-linux/6.3.1/include]
  ignore line: [ /usr/local/include]
  ignore line: [ /opt/rh/devtoolset-6/root/usr/include]
  ignore line: [ /usr/include]
  ignore line: [End of search list.]
  ignore line: [GNU C11 (GCC) version 6.3.1 20170216 (Red Hat 6.3.1-3) (x86_64-redhat-linux)]
  ignore line: [	compiled by GNU C version 6.3.1 20170216 (Red Hat 6.3.1-3)  GMP version 6.0.0  MPFR version 3.1.1  MPC version 1.0.1  isl version 0.14 or 0.13]
  ignore line: [GGC heuristics: --param ggc-min-expand=100 --param ggc-min-heapsize=131072]
  ignore line: [Compiler executable checksum: 18ac54e10fc1f4b39548d3adfa3b2617]
  ignore line: [COLLECT_GCC_OPTIONS='-v' '-o' 'CMakeFiles/cmTC_4474e.dir/CMakeCCompilerABI.c.o' '-c' '-mtune=generic' '-march=x86-64']
  ignore line: [ /opt/rh/devtoolset-6/root/usr/libexec/gcc/x86_64-redhat-linux/6.3.1/as -v --64 -o CMakeFiles/cmTC_4474e.dir/CMakeCCompilerABI.c.o /tmp/ccgiyzkT.s]
  ignore line: [GNU assembler version 2.27 (x86_64-redhat-linux) using BFD version version 2.27-12.el7.1]
  ignore line: [COMPILER_PATH=/opt/rh/devtoolset-6/root/usr/libexec/gcc/x86_64-redhat-linux/6.3.1/:/opt/rh/devtoolset-6/root/usr/libexec/gcc/x86_64-redhat-linux/6.3.1/:/opt/rh/devtoolset-6/root/usr/libexec/gcc/x86_64-redhat-linux/:/opt/rh/devtoolset-6/root/usr/lib/gcc/x86_64-redhat-linux/6.3.1/:/opt/rh/devtoolset-6/root/usr/lib/gcc/x86_64-redhat-linux/]
  ignore line: [LIBRARY_PATH=/opt/rh/devtoolset-6/root/usr/lib/gcc/x86_64-redhat-linux/6.3.1/:/opt/rh/devtoolset-6/root/usr/lib/gcc/x86_64-redhat-linux/6.3.1/../../../../lib64/:/lib/../lib64/:/usr/lib/../lib64/:/opt/rh/devtoolset-6/root/usr/lib/gcc/x86_64-redhat-linux/6.3.1/../../../:/lib/:/usr/lib/]
  ignore line: [COLLECT_GCC_OPTIONS='-v' '-o' 'CMakeFiles/cmTC_4474e.dir/CMakeCCompilerABI.c.o' '-c' '-mtune=generic' '-march=x86-64']
  ignore line: [Linking C executable cmTC_4474e]
  ignore line: [/usr/bin/cmake3 -E cmake_link_script CMakeFiles/cmTC_4474e.dir/link.txt --verbose=1]
  ignore line: [/opt/rh/devtoolset-6/root/usr/bin/cc     -v -rdynamic CMakeFiles/cmTC_4474e.dir/CMakeCCompilerABI.c.o  -o cmTC_4474e ]
  ignore line: [Using built-in specs.]
  ignore line: [COLLECT_GCC=/opt/rh/devtoolset-6/root/usr/bin/cc]
  ignore line: [COLLECT_LTO_WRAPPER=/opt/rh/devtoolset-6/root/usr/libexec/gcc/x86_64-redhat-linux/6.3.1/lto-wrapper]
  ignore line: [Target: x86_64-redhat-linux]
  ignore line: [Configured with: ../configure --enable-bootstrap --enable-languages=c c++ fortran lto --prefix=/opt/rh/devtoolset-6/root/usr --mandir=/opt/rh/devtoolset-6/root/usr/share/man --infodir=/opt/rh/devtoolset-6/root/usr/share/info --with-bugurl=http://bugzilla.redhat.com/bugzilla --enable-shared --enable-threads=posix --enable-checking=release --enable-multilib --with-system-zlib --enable-__cxa_atexit --disable-libunwind-exceptions --enable-gnu-unique-object --enable-linker-build-id --enable-plugin --with-linker-hash-style=gnu --enable-initfini-array --disable-libgcj --with-default-libstdcxx-abi=gcc4-compatible --with-isl=/builddir/build/BUILD/gcc-6.3.1-20170216/obj-x86_64-redhat-linux/isl-install --enable-libmpx --enable-gnu-indirect-function --with-tune=generic --with-arch_32=i686 --build=x86_64-redhat-linux]
  ignore line: [Thread model: posix]
  ignore line: [gcc version 6.3.1 20170216 (Red Hat 6.3.1-3) (GCC) ]
  ignore line: [COMPILER_PATH=/opt/rh/devtoolset-6/root/usr/libexec/gcc/x86_64-redhat-linux/6.3.1/:/opt/rh/devtoolset-6/root/usr/libexec/gcc/x86_64-redhat-linux/6.3.1/:/opt/rh/devtoolset-6/root/usr/libexec/gcc/x86_64-redhat-linux/:/opt/rh/devtoolset-6/root/usr/lib/gcc/x86_64-redhat-linux/6.3.1/:/opt/rh/devtoolset-6/root/usr/lib/gcc/x86_64-redhat-linux/]
  ignore line: [LIBRARY_PATH=/opt/rh/devtoolset-6/root/usr/lib/gcc/x86_64-redhat-linux/6.3.1/:/opt/rh/devtoolset-6/root/usr/lib/gcc/x86_64-redhat-linux/6.3.1/../../../../lib64/:/lib/../lib64/:/usr/lib/../lib64/:/opt/rh/devtoolset-6/root/usr/lib/gcc/x86_64-redhat-linux/6.3.1/../../../:/lib/:/usr/lib/]
  ignore line: [COLLECT_GCC_OPTIONS='-v' '-rdynamic' '-o' 'cmTC_4474e' '-mtune=generic' '-march=x86-64']
  link line: [ /opt/rh/devtoolset-6/root/usr/libexec/gcc/x86_64-redhat-linux/6.3.1/collect2 -plugin /opt/rh/devtoolset-6/root/usr/libexec/gcc/x86_64-redhat-linux/6.3.1/liblto_plugin.so -plugin-opt=/opt/rh/devtoolset-6/root/usr/libexec/gcc/x86_64-redhat-linux/6.3.1/lto-wrapper -plugin-opt=-fresolution=/tmp/ccjMOJgU.res -plugin-opt=-pass-through=-lgcc -plugin-opt=-pass-through=-lgcc_s -plugin-opt=-pass-through=-lc -plugin-opt=-pass-through=-lgcc -plugin-opt=-pass-through=-lgcc_s --build-id --no-add-needed --eh-frame-hdr --hash-style=gnu -m elf_x86_64 -export-dynamic -dynamic-linker /lib64/ld-linux-x86-64.so.2 -o cmTC_4474e /lib/../lib64/crt1.o /lib/../lib64/crti.o /opt/rh/devtoolset-6/root/usr/lib/gcc/x86_64-redhat-linux/6.3.1/crtbegin.o -L/opt/rh/devtoolset-6/root/usr/lib/gcc/x86_64-redhat-linux/6.3.1 -L/opt/rh/devtoolset-6/root/usr/lib/gcc/x86_64-redhat-linux/6.3.1/../../../../lib64 -L/lib/../lib64 -L/usr/lib/../lib64 -L/opt/rh/devtoolset-6/root/usr/lib/gcc/x86_64-redhat-linux/6.3.1/../../.. CMakeFiles/cmTC_4474e.dir/CMakeCCompilerABI.c.o -lgcc --as-needed -lgcc_s --no-as-needed -lc -lgcc --as-needed -lgcc_s --no-as-needed /opt/rh/devtoolset-6/root/usr/lib/gcc/x86_64-redhat-linux/6.3.1/crtend.o /lib/../lib64/crtn.o]
    arg [/opt/rh/devtoolset-6/root/usr/libexec/gcc/x86_64-redhat-linux/6.3.1/collect2] ==> ignore
    arg [-plugin] ==> ignore
    arg [/opt/rh/devtoolset-6/root/usr/libexec/gcc/x86_64-redhat-linux/6.3.1/liblto_plugin.so] ==> ignore
    arg [-plugin-opt=/opt/rh/devtoolset-6/root/usr/libexec/gcc/x86_64-redhat-linux/6.3.1/lto-wrapper] ==> ignore
    arg [-plugin-opt=-fresolution=/tmp/ccjMOJgU.res] ==> ignore
    arg [-plugin-opt=-pass-through=-lgcc] ==> ignore
    arg [-plugin-opt=-pass-through=-lgcc_s] ==> ignore
    arg [-plugin-opt=-pass-through=-lc] ==> ignore
    arg [-plugin-opt=-pass-through=-lgcc] ==> ignore
    arg [-plugin-opt=-pass-through=-lgcc_s] ==> ignore
    arg [--build-id] ==> ignore
    arg [--no-add-needed] ==> ignore
    arg [--eh-frame-hdr] ==> ignore
    arg [--hash-style=gnu] ==> ignore
    arg [-m] ==> ignore
    arg [elf_x86_64] ==> ignore
    arg [-export-dynamic] ==> ignore
    arg [-dynamic-linker] ==> ignore
    arg [/lib64/ld-linux-x86-64.so.2] ==> ignore
    arg [-o] ==> ignore
    arg [cmTC_4474e] ==> ignore
    arg [/lib/../lib64/crt1.o] ==> ignore
    arg [/lib/../lib64/crti.o] ==> ignore
    arg [/opt/rh/devtoolset-6/root/usr/lib/gcc/x86_64-redhat-linux/6.3.1/crtbegin.o] ==> ignore
    arg [-L/opt/rh/devtoolset-6/root/usr/lib/gcc/x86_64-redhat-linux/6.3.1] ==> dir [/opt/rh/devtoolset-6/root/usr/lib/gcc/x86_64-redhat-linux/6.3.1]
    arg [-L/opt/rh/devtoolset-6/root/usr/lib/gcc/x86_64-redhat-linux/6.3.1/../../../../lib64] ==> dir [/opt/rh/devtoolset-6/root/usr/lib/gcc/x86_64-redhat-linux/6.3.1/../../../../lib64]
    arg [-L/lib/../lib64] ==> dir [/lib/../lib64]
    arg [-L/usr/lib/../lib64] ==> dir [/usr/lib/../lib64]
    arg [-L/opt/rh/devtoolset-6/root/usr/lib/gcc/x86_64-redhat-linux/6.3.1/../../..] ==> dir [/opt/rh/devtoolset-6/root/usr/lib/gcc/x86_64-redhat-linux/6.3.1/../../..]
    arg [CMakeFiles/cmTC_4474e.dir/CMakeCCompilerABI.c.o] ==> ignore
    arg [-lgcc] ==> lib [gcc]
    arg [--as-needed] ==> ignore
    arg [-lgcc_s] ==> lib [gcc_s]
    arg [--no-as-needed] ==> ignore
    arg [-lc] ==> lib [c]
    arg [-lgcc] ==> lib [gcc]
    arg [--as-needed] ==> ignore
    arg [-lgcc_s] ==> lib [gcc_s]
    arg [--no-as-needed] ==> ignore
    arg [/opt/rh/devtoolset-6/root/usr/lib/gcc/x86_64-redhat-linux/6.3.1/crtend.o] ==> ignore
    arg [/lib/../lib64/crtn.o] ==> ignore
  collapse library dir [/opt/rh/devtoolset-6/root/usr/lib/gcc/x86_64-redhat-linux/6.3.1] ==> [/opt/rh/devtoolset-6/root/usr/lib/gcc/x86_64-redhat-linux/6.3.1]
  collapse library dir [/opt/rh/devtoolset-6/root/usr/lib/gcc/x86_64-redhat-linux/6.3.1/../../../../lib64] ==> [/opt/rh/devtoolset-6/root/usr/lib64]
  collapse library dir [/lib/../lib64] ==> [/lib64]
  collapse library dir [/usr/lib/../lib64] ==> [/usr/lib64]
  collapse library dir [/opt/rh/devtoolset-6/root/usr/lib/gcc/x86_64-redhat-linux/6.3.1/../../..] ==> [/opt/rh/devtoolset-6/root/usr/lib]
  implicit libs: [gcc;gcc_s;c;gcc;gcc_s]
  implicit dirs: [/opt/rh/devtoolset-6/root/usr/lib/gcc/x86_64-redhat-linux/6.3.1;/opt/rh/devtoolset-6/root/usr/lib64;/lib64;/usr/lib64;/opt/rh/devtoolset-6/root/usr/lib]
  implicit fwks: []


Determining if the CXX compiler works passed with the following output:
Change Dir: /home/csmajs/isant028/lab-06---strategy-pattern-mvong006-isant028-amuni012/CMakeFiles/CMakeTmp

Run Build Command(s):/opt/rh/devtoolset-6/root/usr/bin/gmake cmTC_96d93/fast && /opt/rh/devtoolset-6/root/usr/bin/gmake  -f CMakeFiles/cmTC_96d93.dir/build.make CMakeFiles/cmTC_96d93.dir/build
gmake[1]: Entering directory '/home/csmajs/isant028/lab-06---strategy-pattern-mvong006-isant028-amuni012/CMakeFiles/CMakeTmp'
Building CXX object CMakeFiles/cmTC_96d93.dir/testCXXCompiler.cxx.o
/opt/rh/devtoolset-6/root/usr/bin/c++     -o CMakeFiles/cmTC_96d93.dir/testCXXCompiler.cxx.o -c /home/csmajs/isant028/lab-06---strategy-pattern-mvong006-isant028-amuni012/CMakeFiles/CMakeTmp/testCXXCompiler.cxx
Linking CXX executable cmTC_96d93
/usr/bin/cmake3 -E cmake_link_script CMakeFiles/cmTC_96d93.dir/link.txt --verbose=1
/opt/rh/devtoolset-6/root/usr/bin/c++       -rdynamic CMakeFiles/cmTC_96d93.dir/testCXXCompiler.cxx.o  -o cmTC_96d93 
gmake[1]: Leaving directory '/home/csmajs/isant028/lab-06---strategy-pattern-mvong006-isant028-amuni012/CMakeFiles/CMakeTmp'



Detecting CXX compiler ABI info compiled with the following output:
Change Dir: /home/csmajs/isant028/lab-06---strategy-pattern-mvong006-isant028-amuni012/CMakeFiles/CMakeTmp

Run Build Command(s):/opt/rh/devtoolset-6/root/usr/bin/gmake cmTC_bfb48/fast && /opt/rh/devtoolset-6/root/usr/bin/gmake  -f CMakeFiles/cmTC_bfb48.dir/build.make CMakeFiles/cmTC_bfb48.dir/build
gmake[1]: Entering directory '/home/csmajs/isant028/lab-06---strategy-pattern-mvong006-isant028-amuni012/CMakeFiles/CMakeTmp'
Building CXX object CMakeFiles/cmTC_bfb48.dir/CMakeCXXCompilerABI.cpp.o
/opt/rh/devtoolset-6/root/usr/bin/c++    -v -o CMakeFiles/cmTC_bfb48.dir/CMakeCXXCompilerABI.cpp.o -c /usr/share/cmake3/Modules/CMakeCXXCompilerABI.cpp
Using built-in specs.
COLLECT_GCC=/opt/rh/devtoolset-6/root/usr/bin/c++
Target: x86_64-redhat-linux
Configured with: ../configure --enable-bootstrap --enable-languages=c,c++,fortran,lto --prefix=/opt/rh/devtoolset-6/root/usr --mandir=/opt/rh/devtoolset-6/root/usr/share/man --infodir=/opt/rh/devtoolset-6/root/usr/share/info --with-bugurl=http://bugzilla.redhat.com/bugzilla --enable-shared --enable-threads=posix --enable-checking=release --enable-multilib --with-system-zlib --enable-__cxa_atexit --disable-libunwind-exceptions --enable-gnu-unique-object --enable-linker-build-id --enable-plugin --with-linker-hash-style=gnu --enable-initfini-array --disable-libgcj --with-default-libstdcxx-abi=gcc4-compatible --with-isl=/builddir/build/BUILD/gcc-6.3.1-20170216/obj-x86_64-redhat-linux/isl-install --enable-libmpx --enable-gnu-indirect-function --with-tune=generic --with-arch_32=i686 --build=x86_64-redhat-linux
Thread model: posix
gcc version 6.3.1 20170216 (Red Hat 6.3.1-3) (GCC) 
COLLECT_GCC_OPTIONS='-v' '-o' 'CMakeFiles/cmTC_bfb48.dir/CMakeCXXCompilerABI.cpp.o' '-c' '-shared-libgcc' '-mtune=generic' '-march=x86-64'
 /opt/rh/devtoolset-6/root/usr/libexec/gcc/x86_64-redhat-linux/6.3.1/cc1plus -quiet -v -D_GNU_SOURCE /usr/share/cmake3/Modules/CMakeCXXCompilerABI.cpp -quiet -dumpbase CMakeCXXCompilerABI.cpp -mtune=generic -march=x86-64 -auxbase-strip CMakeFiles/cmTC_bfb48.dir/CMakeCXXCompilerABI.cpp.o -version -o /tmp/ccl0R2Hh.s
GNU C++14 (GCC) version 6.3.1 20170216 (Red Hat 6.3.1-3) (x86_64-redhat-linux)
	compiled by GNU C version 6.3.1 20170216 (Red Hat 6.3.1-3), GMP version 6.0.0, MPFR version 3.1.1, MPC version 1.0.1, isl version 0.14 or 0.13
GGC heuristics: --param ggc-min-expand=100 --param ggc-min-heapsize=131072
ignoring nonexistent directory "/opt/rh/devtoolset-6/root/usr/lib/gcc/x86_64-redhat-linux/6.3.1/include-fixed"
ignoring nonexistent directory "/opt/rh/devtoolset-6/root/usr/lib/gcc/x86_64-redhat-linux/6.3.1/../../../../x86_64-redhat-linux/include"
#include "..." search starts here:
#include <...> search starts here:
 /opt/rh/devtoolset-6/root/usr/lib/gcc/x86_64-redhat-linux/6.3.1/../../../../include/c++/6.3.1
 /opt/rh/devtoolset-6/root/usr/lib/gcc/x86_64-redhat-linux/6.3.1/../../../../include/c++/6.3.1/x86_64-redhat-linux
 /opt/rh/devtoolset-6/root/usr/lib/gcc/x86_64-redhat-linux/6.3.1/../../../../include/c++/6.3.1/backward
 /opt/rh/devtoolset-6/root/usr/lib/gcc/x86_64-redhat-linux/6.3.1/include
 /usr/local/include
 /opt/rh/devtoolset-6/root/usr/include
 /usr/include
End of search list.
GNU C++14 (GCC) version 6.3.1 20170216 (Red Hat 6.3.1-3) (x86_64-redhat-linux)
	compiled by GNU C version 6.3.1 20170216 (Red Hat 6.3.1-3), GMP version 6.0.0, MPFR version 3.1.1, MPC version 1.0.1, isl version 0.14 or 0.13
GGC heuristics: --param ggc-min-expand=100 --param ggc-min-heapsize=131072
Compiler executable checksum: a68b63195c158323cd63fe518b04b091
COLLECT_GCC_OPTIONS='-v' '-o' 'CMakeFiles/cmTC_bfb48.dir/CMakeCXXCompilerABI.cpp.o' '-c' '-shared-libgcc' '-mtune=generic' '-march=x86-64'
 /opt/rh/devtoolset-6/root/usr/libexec/gcc/x86_64-redhat-linux/6.3.1/as -v --64 -o CMakeFiles/cmTC_bfb48.dir/CMakeCXXCompilerABI.cpp.o /tmp/ccl0R2Hh.s
GNU assembler version 2.27 (x86_64-redhat-linux) using BFD version version 2.27-12.el7.1
COMPILER_PATH=/opt/rh/devtoolset-6/root/usr/libexec/gcc/x86_64-redhat-linux/6.3.1/:/opt/rh/devtoolset-6/root/usr/libexec/gcc/x86_64-redhat-linux/6.3.1/:/opt/rh/devtoolset-6/root/usr/libexec/gcc/x86_64-redhat-linux/:/opt/rh/devtoolset-6/root/usr/lib/gcc/x86_64-redhat-linux/6.3.1/:/opt/rh/devtoolset-6/root/usr/lib/gcc/x86_64-redhat-linux/
LIBRARY_PATH=/opt/rh/devtoolset-6/root/usr/lib/gcc/x86_64-redhat-linux/6.3.1/:/opt/rh/devtoolset-6/root/usr/lib/gcc/x86_64-redhat-linux/6.3.1/../../../../lib64/:/lib/../lib64/:/usr/lib/../lib64/:/opt/rh/devtoolset-6/root/usr/lib/gcc/x86_64-redhat-linux/6.3.1/../../../:/lib/:/usr/lib/
COLLECT_GCC_OPTIONS='-v' '-o' 'CMakeFiles/cmTC_bfb48.dir/CMakeCXXCompilerABI.cpp.o' '-c' '-shared-libgcc' '-mtune=generic' '-march=x86-64'
Linking CXX executable cmTC_bfb48
/usr/bin/cmake3 -E cmake_link_script CMakeFiles/cmTC_bfb48.dir/link.txt --verbose=1
/opt/rh/devtoolset-6/root/usr/bin/c++      -v -rdynamic CMakeFiles/cmTC_bfb48.dir/CMakeCXXCompilerABI.cpp.o  -o cmTC_bfb48 
Using built-in specs.
COLLECT_GCC=/opt/rh/devtoolset-6/root/usr/bin/c++
COLLECT_LTO_WRAPPER=/opt/rh/devtoolset-6/root/usr/libexec/gcc/x86_64-redhat-linux/6.3.1/lto-wrapper
Target: x86_64-redhat-linux
Configured with: ../configure --enable-bootstrap --enable-languages=c,c++,fortran,lto --prefix=/opt/rh/devtoolset-6/root/usr --mandir=/opt/rh/devtoolset-6/root/usr/share/man --infodir=/opt/rh/devtoolset-6/root/usr/share/info --with-bugurl=http://bugzilla.redhat.com/bugzilla --enable-shared --enable-threads=posix --enable-checking=release --enable-multilib --with-system-zlib --enable-__cxa_atexit --disable-libunwind-exceptions --enable-gnu-unique-object --enable-linker-build-id --enable-plugin --with-linker-hash-style=gnu --enable-initfini-array --disable-libgcj --with-default-libstdcxx-abi=gcc4-compatible --with-isl=/builddir/build/BUILD/gcc-6.3.1-20170216/obj-x86_64-redhat-linux/isl-install --enable-libmpx --enable-gnu-indirect-function --with-tune=generic --with-arch_32=i686 --build=x86_64-redhat-linux
Thread model: posix
gcc version 6.3.1 20170216 (Red Hat 6.3.1-3) (GCC) 
COMPILER_PATH=/opt/rh/devtoolset-6/root/usr/libexec/gcc/x86_64-redhat-linux/6.3.1/:/opt/rh/devtoolset-6/root/usr/libexec/gcc/x86_64-redhat-linux/6.3.1/:/opt/rh/devtoolset-6/root/usr/libexec/gcc/x86_64-redhat-linux/:/opt/rh/devtoolset-6/root/usr/lib/gcc/x86_64-redhat-linux/6.3.1/:/opt/rh/devtoolset-6/root/usr/lib/gcc/x86_64-redhat-linux/
LIBRARY_PATH=/opt/rh/devtoolset-6/root/usr/lib/gcc/x86_64-redhat-linux/6.3.1/:/opt/rh/devtoolset-6/root/usr/lib/gcc/x86_64-redhat-linux/6.3.1/../../../../lib64/:/lib/../lib64/:/usr/lib/../lib64/:/opt/rh/devtoolset-6/root/usr/lib/gcc/x86_64-redhat-linux/6.3.1/../../../:/lib/:/usr/lib/
COLLECT_GCC_OPTIONS='-v' '-rdynamic' '-o' 'cmTC_bfb48' '-shared-libgcc' '-mtune=generic' '-march=x86-64'
 /opt/rh/devtoolset-6/root/usr/libexec/gcc/x86_64-redhat-linux/6.3.1/collect2 -plugin /opt/rh/devtoolset-6/root/usr/libexec/gcc/x86_64-redhat-linux/6.3.1/liblto_plugin.so -plugin-opt=/opt/rh/devtoolset-6/root/usr/libexec/gcc/x86_64-redhat-linux/6.3.1/lto-wrapper -plugin-opt=-fresolution=/tmp/ccwWWYWi.res -plugin-opt=-pass-through=-lgcc_s -plugin-opt=-pass-through=-lgcc -plugin-opt=-pass-through=-lc -plugin-opt=-pass-through=-lgcc_s -plugin-opt=-pass-through=-lgcc --build-id --no-add-needed --eh-frame-hdr --hash-style=gnu -m elf_x86_64 -export-dynamic -dynamic-linker /lib64/ld-linux-x86-64.so.2 -o cmTC_bfb48 /lib/../lib64/crt1.o /lib/../lib64/crti.o /opt/rh/devtoolset-6/root/usr/lib/gcc/x86_64-redhat-linux/6.3.1/crtbegin.o -L/opt/rh/devtoolset-6/root/usr/lib/gcc/x86_64-redhat-linux/6.3.1 -L/opt/rh/devtoolset-6/root/usr/lib/gcc/x86_64-redhat-linux/6.3.1/../../../../lib64 -L/lib/../lib64 -L/usr/lib/../lib64 -L/opt/rh/devtoolset-6/root/usr/lib/gcc/x86_64-redhat-linux/6.3.1/../../.. CMakeFiles/cmTC_bfb48.dir/CMakeCXXCompilerABI.cpp.o -lstdc++ -lm -lgcc_s -lgcc -lc -lgcc_s -lgcc /opt/rh/devtoolset-6/root/usr/lib/gcc/x86_64-redhat-linux/6.3.1/crtend.o /lib/../lib64/crtn.o
COLLECT_GCC_OPTIONS='-v' '-rdynamic' '-o' 'cmTC_bfb48' '-shared-libgcc' '-mtune=generic' '-march=x86-64'
gmake[1]: Leaving directory '/home/csmajs/isant028/lab-06---strategy-pattern-mvong006-isant028-amuni012/CMakeFiles/CMakeTmp'



Parsed CXX implicit include dir info from above output: rv=done
  found start of include info
  found start of implicit include info
    add: [/opt/rh/devtoolset-6/root/usr/lib/gcc/x86_64-redhat-linux/6.3.1/../../../../include/c++/6.3.1]
    add: [/opt/rh/devtoolset-6/root/usr/lib/gcc/x86_64-redhat-linux/6.3.1/../../../../include/c++/6.3.1/x86_64-redhat-linux]
    add: [/opt/rh/devtoolset-6/root/usr/lib/gcc/x86_64-redhat-linux/6.3.1/../../../../include/c++/6.3.1/backward]
    add: [/opt/rh/devtoolset-6/root/usr/lib/gcc/x86_64-redhat-linux/6.3.1/include]
    add: [/usr/local/include]
    add: [/opt/rh/devtoolset-6/root/usr/include]
    add: [/usr/include]
  end of search list found
  collapse include dir [/opt/rh/devtoolset-6/root/usr/lib/gcc/x86_64-redhat-linux/6.3.1/../../../../include/c++/6.3.1] ==> [/opt/rh/devtoolset-6/root/usr/include/c++/6.3.1]
  collapse include dir [/opt/rh/devtoolset-6/root/usr/lib/gcc/x86_64-redhat-linux/6.3.1/../../../../include/c++/6.3.1/x86_64-redhat-linux] ==> [/opt/rh/devtoolset-6/root/usr/include/c++/6.3.1/x86_64-redhat-linux]
  collapse include dir [/opt/rh/devtoolset-6/root/usr/lib/gcc/x86_64-redhat-linux/6.3.1/../../../../include/c++/6.3.1/backward] ==> [/opt/rh/devtoolset-6/root/usr/include/c++/6.3.1/backward]
  collapse include dir [/opt/rh/devtoolset-6/root/usr/lib/gcc/x86_64-redhat-linux/6.3.1/include] ==> [/opt/rh/devtoolset-6/root/usr/lib/gcc/x86_64-redhat-linux/6.3.1/include]
  collapse include dir [/usr/local/include] ==> [/usr/local/include]
  collapse include dir [/opt/rh/devtoolset-6/root/usr/include] ==> [/opt/rh/devtoolset-6/root/usr/include]
  collapse include dir [/usr/include] ==> [/usr/include]
  implicit include dirs: [/opt/rh/devtoolset-6/root/usr/include/c++/6.3.1;/opt/rh/devtoolset-6/root/usr/include/c++/6.3.1/x86_64-redhat-linux;/opt/rh/devtoolset-6/root/usr/include/c++/6.3.1/backward;/opt/rh/devtoolset-6/root/usr/lib/gcc/x86_64-redhat-linux/6.3.1/include;/usr/local/include;/opt/rh/devtoolset-6/root/usr/include;/usr/include]


Parsed CXX implicit link information from above output:
  link line regex: [^( *|.*[/\])(ld|CMAKE_LINK_STARTFILE-NOTFOUND|([^/\]+-)?ld|collect2)[^/\]*( |$)]
  ignore line: [Change Dir: /home/csmajs/isant028/lab-06---strategy-pattern-mvong006-isant028-amuni012/CMakeFiles/CMakeTmp]
  ignore line: []
  ignore line: [Run Build Command(s):/opt/rh/devtoolset-6/root/usr/bin/gmake cmTC_bfb48/fast && /opt/rh/devtoolset-6/root/usr/bin/gmake  -f CMakeFiles/cmTC_bfb48.dir/build.make CMakeFiles/cmTC_bfb48.dir/build]
  ignore line: [gmake[1]: Entering directory '/home/csmajs/isant028/lab-06---strategy-pattern-mvong006-isant028-amuni012/CMakeFiles/CMakeTmp']
  ignore line: [Building CXX object CMakeFiles/cmTC_bfb48.dir/CMakeCXXCompilerABI.cpp.o]
  ignore line: [/opt/rh/devtoolset-6/root/usr/bin/c++    -v -o CMakeFiles/cmTC_bfb48.dir/CMakeCXXCompilerABI.cpp.o -c /usr/share/cmake3/Modules/CMakeCXXCompilerABI.cpp]
  ignore line: [Using built-in specs.]
  ignore line: [COLLECT_GCC=/opt/rh/devtoolset-6/root/usr/bin/c++]
  ignore line: [Target: x86_64-redhat-linux]
  ignore line: [Configured with: ../configure --enable-bootstrap --enable-languages=c c++ fortran lto --prefix=/opt/rh/devtoolset-6/root/usr --mandir=/opt/rh/devtoolset-6/root/usr/share/man --infodir=/opt/rh/devtoolset-6/root/usr/share/info --with-bugurl=http://bugzilla.redhat.com/bugzilla --enable-shared --enable-threads=posix --enable-checking=release --enable-multilib --with-system-zlib --enable-__cxa_atexit --disable-libunwind-exceptions --enable-gnu-unique-object --enable-linker-build-id --enable-plugin --with-linker-hash-style=gnu --enable-initfini-array --disable-libgcj --with-default-libstdcxx-abi=gcc4-compatible --with-isl=/builddir/build/BUILD/gcc-6.3.1-20170216/obj-x86_64-redhat-linux/isl-install --enable-libmpx --enable-gnu-indirect-function --with-tune=generic --with-arch_32=i686 --build=x86_64-redhat-linux]
  ignore line: [Thread model: posix]
  ignore line: [gcc version 6.3.1 20170216 (Red Hat 6.3.1-3) (GCC) ]
  ignore line: [COLLECT_GCC_OPTIONS='-v' '-o' 'CMakeFiles/cmTC_bfb48.dir/CMakeCXXCompilerABI.cpp.o' '-c' '-shared-libgcc' '-mtune=generic' '-march=x86-64']
  ignore line: [ /opt/rh/devtoolset-6/root/usr/libexec/gcc/x86_64-redhat-linux/6.3.1/cc1plus -quiet -v -D_GNU_SOURCE /usr/share/cmake3/Modules/CMakeCXXCompilerABI.cpp -quiet -dumpbase CMakeCXXCompilerABI.cpp -mtune=generic -march=x86-64 -auxbase-strip CMakeFiles/cmTC_bfb48.dir/CMakeCXXCompilerABI.cpp.o -version -o /tmp/ccl0R2Hh.s]
  ignore line: [GNU C++14 (GCC) version 6.3.1 20170216 (Red Hat 6.3.1-3) (x86_64-redhat-linux)]
  ignore line: [	compiled by GNU C version 6.3.1 20170216 (Red Hat 6.3.1-3)  GMP version 6.0.0  MPFR version 3.1.1  MPC version 1.0.1  isl version 0.14 or 0.13]
  ignore line: [GGC heuristics: --param ggc-min-expand=100 --param ggc-min-heapsize=131072]
  ignore line: [ignoring nonexistent directory "/opt/rh/devtoolset-6/root/usr/lib/gcc/x86_64-redhat-linux/6.3.1/include-fixed"]
  ignore line: [ignoring nonexistent directory "/opt/rh/devtoolset-6/root/usr/lib/gcc/x86_64-redhat-linux/6.3.1/../../../../x86_64-redhat-linux/include"]
  ignore line: [#include "..." search starts here:]
  ignore line: [#include <...> search starts here:]
  ignore line: [ /opt/rh/devtoolset-6/root/usr/lib/gcc/x86_64-redhat-linux/6.3.1/../../../../include/c++/6.3.1]
  ignore line: [ /opt/rh/devtoolset-6/root/usr/lib/gcc/x86_64-redhat-linux/6.3.1/../../../../include/c++/6.3.1/x86_64-redhat-linux]
  ignore line: [ /opt/rh/devtoolset-6/root/usr/lib/gcc/x86_64-redhat-linux/6.3.1/../../../../include/c++/6.3.1/backward]
  ignore line: [ /opt/rh/devtoolset-6/root/usr/lib/gcc/x86_64-redhat-linux/6.3.1/include]
  ignore line: [ /usr/local/include]
  ignore line: [ /opt/rh/devtoolset-6/root/usr/include]
  ignore line: [ /usr/include]
  ignore line: [End of search list.]
  ignore line: [GNU C++14 (GCC) version 6.3.1 20170216 (Red Hat 6.3.1-3) (x86_64-redhat-linux)]
  ignore line: [	compiled by GNU C version 6.3.1 20170216 (Red Hat 6.3.1-3)  GMP version 6.0.0  MPFR version 3.1.1  MPC version 1.0.1  isl version 0.14 or 0.13]
  ignore line: [GGC heuristics: --param ggc-min-expand=100 --param ggc-min-heapsize=131072]
  ignore line: [Compiler executable checksum: a68b63195c158323cd63fe518b04b091]
  ignore line: [COLLECT_GCC_OPTIONS='-v' '-o' 'CMakeFiles/cmTC_bfb48.dir/CMakeCXXCompilerABI.cpp.o' '-c' '-shared-libgcc' '-mtune=generic' '-march=x86-64']
  ignore line: [ /opt/rh/devtoolset-6/root/usr/libexec/gcc/x86_64-redhat-linux/6.3.1/as -v --64 -o CMakeFiles/cmTC_bfb48.dir/CMakeCXXCompilerABI.cpp.o /tmp/ccl0R2Hh.s]
  ignore line: [GNU assembler version 2.27 (x86_64-redhat-linux) using BFD version version 2.27-12.el7.1]
  ignore line: [COMPILER_PATH=/opt/rh/devtoolset-6/root/usr/libexec/gcc/x86_64-redhat-linux/6.3.1/:/opt/rh/devtoolset-6/root/usr/libexec/gcc/x86_64-redhat-linux/6.3.1/:/opt/rh/devtoolset-6/root/usr/libexec/gcc/x86_64-redhat-linux/:/opt/rh/devtoolset-6/root/usr/lib/gcc/x86_64-redhat-linux/6.3.1/:/opt/rh/devtoolset-6/root/usr/lib/gcc/x86_64-redhat-linux/]
  ignore line: [LIBRARY_PATH=/opt/rh/devtoolset-6/root/usr/lib/gcc/x86_64-redhat-linux/6.3.1/:/opt/rh/devtoolset-6/root/usr/lib/gcc/x86_64-redhat-linux/6.3.1/../../../../lib64/:/lib/../lib64/:/usr/lib/../lib64/:/opt/rh/devtoolset-6/root/usr/lib/gcc/x86_64-redhat-linux/6.3.1/../../../:/lib/:/usr/lib/]
  ignore line: [COLLECT_GCC_OPTIONS='-v' '-o' 'CMakeFiles/cmTC_bfb48.dir/CMakeCXXCompilerABI.cpp.o' '-c' '-shared-libgcc' '-mtune=generic' '-march=x86-64']
  ignore line: [Linking CXX executable cmTC_bfb48]
  ignore line: [/usr/bin/cmake3 -E cmake_link_script CMakeFiles/cmTC_bfb48.dir/link.txt --verbose=1]
  ignore line: [/opt/rh/devtoolset-6/root/usr/bin/c++      -v -rdynamic CMakeFiles/cmTC_bfb48.dir/CMakeCXXCompilerABI.cpp.o  -o cmTC_bfb48 ]
  ignore line: [Using built-in specs.]
  ignore line: [COLLECT_GCC=/opt/rh/devtoolset-6/root/usr/bin/c++]
  ignore line: [COLLECT_LTO_WRAPPER=/opt/rh/devtoolset-6/root/usr/libexec/gcc/x86_64-redhat-linux/6.3.1/lto-wrapper]
  ignore line: [Target: x86_64-redhat-linux]
  ignore line: [Configured with: ../configure --enable-bootstrap --enable-languages=c c++ fortran lto --prefix=/opt/rh/devtoolset-6/root/usr --mandir=/opt/rh/devtoolset-6/root/usr/share/man --infodir=/opt/rh/devtoolset-6/root/usr/share/info --with-bugurl=http://bugzilla.redhat.com/bugzilla --enable-shared --enable-threads=posix --enable-checking=release --enable-multilib --with-system-zlib --enable-__cxa_atexit --disable-libunwind-exceptions --enable-gnu-unique-object --enable-linker-build-id --enable-plugin --with-linker-hash-style=gnu --enable-initfini-array --disable-libgcj --with-default-libstdcxx-abi=gcc4-compatible --with-isl=/builddir/build/BUILD/gcc-6.3.1-20170216/obj-x86_64-redhat-linux/isl-install --enable-libmpx --enable-gnu-indirect-function --with-tune=generic --with-arch_32=i686 --build=x86_64-redhat-linux]
  ignore line: [Thread model: posix]
  ignore line: [gcc version 6.3.1 20170216 (Red Hat 6.3.1-3) (GCC) ]
  ignore line: [COMPILER_PATH=/opt/rh/devtoolset-6/root/usr/libexec/gcc/x86_64-redhat-linux/6.3.1/:/opt/rh/devtoolset-6/root/usr/libexec/gcc/x86_64-redhat-linux/6.3.1/:/opt/rh/devtoolset-6/root/usr/libexec/gcc/x86_64-redhat-linux/:/opt/rh/devtoolset-6/root/usr/lib/gcc/x86_64-redhat-linux/6.3.1/:/opt/rh/devtoolset-6/root/usr/lib/gcc/x86_64-redhat-linux/]
  ignore line: [LIBRARY_PATH=/opt/rh/devtoolset-6/root/usr/lib/gcc/x86_64-redhat-linux/6.3.1/:/opt/rh/devtoolset-6/root/usr/lib/gcc/x86_64-redhat-linux/6.3.1/../../../../lib64/:/lib/../lib64/:/usr/lib/../lib64/:/opt/rh/devtoolset-6/root/usr/lib/gcc/x86_64-redhat-linux/6.3.1/../../../:/lib/:/usr/lib/]
  ignore line: [COLLECT_GCC_OPTIONS='-v' '-rdynamic' '-o' 'cmTC_bfb48' '-shared-libgcc' '-mtune=generic' '-march=x86-64']
  link line: [ /opt/rh/devtoolset-6/root/usr/libexec/gcc/x86_64-redhat-linux/6.3.1/collect2 -plugin /opt/rh/devtoolset-6/root/usr/libexec/gcc/x86_64-redhat-linux/6.3.1/liblto_plugin.so -plugin-opt=/opt/rh/devtoolset-6/root/usr/libexec/gcc/x86_64-redhat-linux/6.3.1/lto-wrapper -plugin-opt=-fresolution=/tmp/ccwWWYWi.res -plugin-opt=-pass-through=-lgcc_s -plugin-opt=-pass-through=-lgcc -plugin-opt=-pass-through=-lc -plugin-opt=-pass-through=-lgcc_s -plugin-opt=-pass-through=-lgcc --build-id --no-add-needed --eh-frame-hdr --hash-style=gnu -m elf_x86_64 -export-dynamic -dynamic-linker /lib64/ld-linux-x86-64.so.2 -o cmTC_bfb48 /lib/../lib64/crt1.o /lib/../lib64/crti.o /opt/rh/devtoolset-6/root/usr/lib/gcc/x86_64-redhat-linux/6.3.1/crtbegin.o -L/opt/rh/devtoolset-6/root/usr/lib/gcc/x86_64-redhat-linux/6.3.1 -L/opt/rh/devtoolset-6/root/usr/lib/gcc/x86_64-redhat-linux/6.3.1/../../../../lib64 -L/lib/../lib64 -L/usr/lib/../lib64 -L/opt/rh/devtoolset-6/root/usr/lib/gcc/x86_64-redhat-linux/6.3.1/../../.. CMakeFiles/cmTC_bfb48.dir/CMakeCXXCompilerABI.cpp.o -lstdc++ -lm -lgcc_s -lgcc -lc -lgcc_s -lgcc /opt/rh/devtoolset-6/root/usr/lib/gcc/x86_64-redhat-linux/6.3.1/crtend.o /lib/../lib64/crtn.o]
    arg [/opt/rh/devtoolset-6/root/usr/libexec/gcc/x86_64-redhat-linux/6.3.1/collect2] ==> ignore
    arg [-plugin] ==> ignore
    arg [/opt/rh/devtoolset-6/root/usr/libexec/gcc/x86_64-redhat-linux/6.3.1/liblto_plugin.so] ==> ignore
    arg [-plugin-opt=/opt/rh/devtoolset-6/root/usr/libexec/gcc/x86_64-redhat-linux/6.3.1/lto-wrapper] ==> ignore
    arg [-plugin-opt=-fresolution=/tmp/ccwWWYWi.res] ==> ignore
    arg [-plugin-opt=-pass-through=-lgcc_s] ==> ignore
    arg [-plugin-opt=-pass-through=-lgcc] ==> ignore
    arg [-plugin-opt=-pass-through=-lc] ==> ignore
    arg [-plugin-opt=-pass-through=-lgcc_s] ==> ignore
    arg [-plugin-opt=-pass-through=-lgcc] ==> ignore
    arg [--build-id] ==> ignore
    arg [--no-add-needed] ==> ignore
    arg [--eh-frame-hdr] ==> ignore
    arg [--hash-style=gnu] ==> ignore
    arg [-m] ==> ignore
    arg [elf_x86_64] ==> ignore
    arg [-export-dynamic] ==> ignore
    arg [-dynamic-linker] ==> ignore
    arg [/lib64/ld-linux-x86-64.so.2] ==> ignore
    arg [-o] ==> ignore
    arg [cmTC_bfb48] ==> ignore
    arg [/lib/../lib64/crt1.o] ==> ignore
    arg [/lib/../lib64/crti.o] ==> ignore
    arg [/opt/rh/devtoolset-6/root/usr/lib/gcc/x86_64-redhat-linux/6.3.1/crtbegin.o] ==> ignore
    arg [-L/opt/rh/devtoolset-6/root/usr/lib/gcc/x86_64-redhat-linux/6.3.1] ==> dir [/opt/rh/devtoolset-6/root/usr/lib/gcc/x86_64-redhat-linux/6.3.1]
    arg [-L/opt/rh/devtoolset-6/root/usr/lib/gcc/x86_64-redhat-linux/6.3.1/../../../../lib64] ==> dir [/opt/rh/devtoolset-6/root/usr/lib/gcc/x86_64-redhat-linux/6.3.1/../../../../lib64]
    arg [-L/lib/../lib64] ==> dir [/lib/../lib64]
    arg [-L/usr/lib/../lib64] ==> dir [/usr/lib/../lib64]
    arg [-L/opt/rh/devtoolset-6/root/usr/lib/gcc/x86_64-redhat-linux/6.3.1/../../..] ==> dir [/opt/rh/devtoolset-6/root/usr/lib/gcc/x86_64-redhat-linux/6.3.1/../../..]
    arg [CMakeFiles/cmTC_bfb48.dir/CMakeCXXCompilerABI.cpp.o] ==> ignore
    arg [-lstdc++] ==> lib [stdc++]
    arg [-lm] ==> lib [m]
    arg [-lgcc_s] ==> lib [gcc_s]
    arg [-lgcc] ==> lib [gcc]
    arg [-lc] ==> lib [c]
    arg [-lgcc_s] ==> lib [gcc_s]
    arg [-lgcc] ==> lib [gcc]
    arg [/opt/rh/devtoolset-6/root/usr/lib/gcc/x86_64-redhat-linux/6.3.1/crtend.o] ==> ignore
    arg [/lib/../lib64/crtn.o] ==> ignore
  collapse library dir [/opt/rh/devtoolset-6/root/usr/lib/gcc/x86_64-redhat-linux/6.3.1] ==> [/opt/rh/devtoolset-6/root/usr/lib/gcc/x86_64-redhat-linux/6.3.1]
  collapse library dir [/opt/rh/devtoolset-6/root/usr/lib/gcc/x86_64-redhat-linux/6.3.1/../../../../lib64] ==> [/opt/rh/devtoolset-6/root/usr/lib64]
  collapse library dir [/lib/../lib64] ==> [/lib64]
  collapse library dir [/usr/lib/../lib64] ==> [/usr/lib64]
  collapse library dir [/opt/rh/devtoolset-6/root/usr/lib/gcc/x86_64-redhat-linux/6.3.1/../../..] ==> [/opt/rh/devtoolset-6/root/usr/lib]
  implicit libs: [stdc++;m;gcc_s;gcc;c;gcc_s;gcc]
  implicit dirs: [/opt/rh/devtoolset-6/root/usr/lib/gcc/x86_64-redhat-linux/6.3.1;/opt/rh/devtoolset-6/root/usr/lib64;/lib64;/usr/lib64;/opt/rh/devtoolset-6/root/usr/lib]
  implicit fwks: []


Determining if the include file pthread.h exists passed with the following output:
Change Dir: /home/csmajs/isant028/lab-06---strategy-pattern-mvong006-isant028-amuni012/CMakeFiles/CMakeTmp

Run Build Command(s):/opt/rh/devtoolset-6/root/usr/bin/gmake cmTC_042e3/fast && /opt/rh/devtoolset-6/root/usr/bin/gmake  -f CMakeFiles/cmTC_042e3.dir/build.make CMakeFiles/cmTC_042e3.dir/build
gmake[1]: Entering directory '/home/csmajs/isant028/lab-06---strategy-pattern-mvong006-isant028-amuni012/CMakeFiles/CMakeTmp'
Building C object CMakeFiles/cmTC_042e3.dir/CheckIncludeFile.c.o
/opt/rh/devtoolset-6/root/usr/bin/cc    -o CMakeFiles/cmTC_042e3.dir/CheckIncludeFile.c.o   -c /home/csmajs/isant028/lab-06---strategy-pattern-mvong006-isant028-amuni012/CMakeFiles/CMakeTmp/CheckIncludeFile.c
Linking C executable cmTC_042e3
/usr/bin/cmake3 -E cmake_link_script CMakeFiles/cmTC_042e3.dir/link.txt --verbose=1
/opt/rh/devtoolset-6/root/usr/bin/cc      -rdynamic CMakeFiles/cmTC_042e3.dir/CheckIncludeFile.c.o  -o cmTC_042e3 
gmake[1]: Leaving directory '/home/csmajs/isant028/lab-06---strategy-pattern-mvong006-isant028-amuni012/CMakeFiles/CMakeTmp'



Determining if the function pthread_create exists in the pthread passed with the following output:
Change Dir: /home/csmajs/isant028/lab-06---strategy-pattern-mvong006-isant028-amuni012/CMakeFiles/CMakeTmp

Run Build Command(s):/opt/rh/devtoolset-6/root/usr/bin/gmake cmTC_60ce7/fast && /opt/rh/devtoolset-6/root/usr/bin/gmake  -f CMakeFiles/cmTC_60ce7.dir/build.make CMakeFiles/cmTC_60ce7.dir/build
gmake[1]: Entering directory '/home/csmajs/isant028/lab-06---strategy-pattern-mvong006-isant028-amuni012/CMakeFiles/CMakeTmp'
Building C object CMakeFiles/cmTC_60ce7.dir/CheckFunctionExists.c.o
/opt/rh/devtoolset-6/root/usr/bin/cc   -DCHECK_FUNCTION_EXISTS=pthread_create   -o CMakeFiles/cmTC_60ce7.dir/CheckFunctionExists.c.o   -c /usr/share/cmake3/Modules/CheckFunctionExists.c
Linking C executable cmTC_60ce7
/usr/bin/cmake3 -E cmake_link_script CMakeFiles/cmTC_60ce7.dir/link.txt --verbose=1
/opt/rh/devtoolset-6/root/usr/bin/cc  -DCHECK_FUNCTION_EXISTS=pthread_create    -rdynamic CMakeFiles/cmTC_60ce7.dir/CheckFunctionExists.c.o  -o cmTC_60ce7  -lpthread 
gmake[1]: Leaving directory '/home/csmajs/isant028/lab-06---strategy-pattern-mvong006-isant028-amuni012/CMakeFiles/CMakeTmp'



The system is: Linux - 3.10.0-1127.19.1.el7.x86_64 - x86_64
Compiling the C compiler identification source file "CMakeCCompilerId.c" succeeded.
Compiler: /opt/rh/devtoolset-6/root/usr/bin/cc 
Build flags: 
Id flags:  

The output was:
0


Compilation of the C compiler identification source "CMakeCCompilerId.c" produced "a.out"

The C compiler identification is GNU, found in "/home/csmajs/mvong006/lab-06---strategy-pattern-mvong006-isant028-amuni012/CMakeFiles/3.17.3/CompilerIdC/a.out"

Compiling the CXX compiler identification source file "CMakeCXXCompilerId.cpp" succeeded.
Compiler: /opt/rh/devtoolset-6/root/usr/bin/c++ 
Build flags: 
Id flags:  

The output was:
0


Compilation of the CXX compiler identification source "CMakeCXXCompilerId.cpp" produced "a.out"

The CXX compiler identification is GNU, found in "/home/csmajs/mvong006/lab-06---strategy-pattern-mvong006-isant028-amuni012/CMakeFiles/3.17.3/CompilerIdCXX/a.out"

Determining if the C compiler works passed with the following output:
Change Dir: /home/csmajs/mvong006/lab-06---strategy-pattern-mvong006-isant028-amuni012/CMakeFiles/CMakeTmp

Run Build Command(s):/opt/rh/devtoolset-6/root/usr/bin/gmake cmTC_74180/fast && /opt/rh/devtoolset-6/root/usr/bin/gmake  -f CMakeFiles/cmTC_74180.dir/build.make CMakeFiles/cmTC_74180.dir/build
gmake[1]: Entering directory '/home/csmajs/mvong006/lab-06---strategy-pattern-mvong006-isant028-amuni012/CMakeFiles/CMakeTmp'
Building C object CMakeFiles/cmTC_74180.dir/testCCompiler.c.o
/opt/rh/devtoolset-6/root/usr/bin/cc    -o CMakeFiles/cmTC_74180.dir/testCCompiler.c.o   -c /home/csmajs/mvong006/lab-06---strategy-pattern-mvong006-isant028-amuni012/CMakeFiles/CMakeTmp/testCCompiler.c
Linking C executable cmTC_74180
/usr/bin/cmake3 -E cmake_link_script CMakeFiles/cmTC_74180.dir/link.txt --verbose=1
/opt/rh/devtoolset-6/root/usr/bin/cc      -rdynamic CMakeFiles/cmTC_74180.dir/testCCompiler.c.o  -o cmTC_74180 
gmake[1]: Leaving directory '/home/csmajs/mvong006/lab-06---strategy-pattern-mvong006-isant028-amuni012/CMakeFiles/CMakeTmp'



Detecting C compiler ABI info compiled with the following output:
Change Dir: /home/csmajs/mvong006/lab-06---strategy-pattern-mvong006-isant028-amuni012/CMakeFiles/CMakeTmp

Run Build Command(s):/opt/rh/devtoolset-6/root/usr/bin/gmake cmTC_036a0/fast && /opt/rh/devtoolset-6/root/usr/bin/gmake  -f CMakeFiles/cmTC_036a0.dir/build.make CMakeFiles/cmTC_036a0.dir/build
gmake[1]: Entering directory '/home/csmajs/mvong006/lab-06---strategy-pattern-mvong006-isant028-amuni012/CMakeFiles/CMakeTmp'
Building C object CMakeFiles/cmTC_036a0.dir/CMakeCCompilerABI.c.o
/opt/rh/devtoolset-6/root/usr/bin/cc   -v -o CMakeFiles/cmTC_036a0.dir/CMakeCCompilerABI.c.o   -c /usr/share/cmake3/Modules/CMakeCCompilerABI.c
Using built-in specs.
COLLECT_GCC=/opt/rh/devtoolset-6/root/usr/bin/cc
Target: x86_64-redhat-linux
Configured with: ../configure --enable-bootstrap --enable-languages=c,c++,fortran,lto --prefix=/opt/rh/devtoolset-6/root/usr --mandir=/opt/rh/devtoolset-6/root/usr/share/man --infodir=/opt/rh/devtoolset-6/root/usr/share/info --with-bugurl=http://bugzilla.redhat.com/bugzilla --enable-shared --enable-threads=posix --enable-checking=release --enable-multilib --with-system-zlib --enable-__cxa_atexit --disable-libunwind-exceptions --enable-gnu-unique-object --enable-linker-build-id --enable-plugin --with-linker-hash-style=gnu --enable-initfini-array --disable-libgcj --with-default-libstdcxx-abi=gcc4-compatible --with-isl=/builddir/build/BUILD/gcc-6.3.1-20170216/obj-x86_64-redhat-linux/isl-install --enable-libmpx --enable-gnu-indirect-function --with-tune=generic --with-arch_32=i686 --build=x86_64-redhat-linux
Thread model: posix
gcc version 6.3.1 20170216 (Red Hat 6.3.1-3) (GCC) 
COLLECT_GCC_OPTIONS='-v' '-o' 'CMakeFiles/cmTC_036a0.dir/CMakeCCompilerABI.c.o' '-c' '-mtune=generic' '-march=x86-64'
 /opt/rh/devtoolset-6/root/usr/libexec/gcc/x86_64-redhat-linux/6.3.1/cc1 -quiet -v /usr/share/cmake3/Modules/CMakeCCompilerABI.c -quiet -dumpbase CMakeCCompilerABI.c -mtune=generic -march=x86-64 -auxbase-strip CMakeFiles/cmTC_036a0.dir/CMakeCCompilerABI.c.o -version -o /tmp/ccXU3ChZ.s
GNU C11 (GCC) version 6.3.1 20170216 (Red Hat 6.3.1-3) (x86_64-redhat-linux)
	compiled by GNU C version 6.3.1 20170216 (Red Hat 6.3.1-3), GMP version 6.0.0, MPFR version 3.1.1, MPC version 1.0.1, isl version 0.14 or 0.13
GGC heuristics: --param ggc-min-expand=100 --param ggc-min-heapsize=131072
ignoring nonexistent directory "/opt/rh/devtoolset-6/root/usr/lib/gcc/x86_64-redhat-linux/6.3.1/include-fixed"
ignoring nonexistent directory "/opt/rh/devtoolset-6/root/usr/lib/gcc/x86_64-redhat-linux/6.3.1/../../../../x86_64-redhat-linux/include"
#include "..." search starts here:
#include <...> search starts here:
 /opt/rh/devtoolset-6/root/usr/lib/gcc/x86_64-redhat-linux/6.3.1/include
 /usr/local/include
 /opt/rh/devtoolset-6/root/usr/include
 /usr/include
End of search list.
GNU C11 (GCC) version 6.3.1 20170216 (Red Hat 6.3.1-3) (x86_64-redhat-linux)
	compiled by GNU C version 6.3.1 20170216 (Red Hat 6.3.1-3), GMP version 6.0.0, MPFR version 3.1.1, MPC version 1.0.1, isl version 0.14 or 0.13
GGC heuristics: --param ggc-min-expand=100 --param ggc-min-heapsize=131072
Compiler executable checksum: 18ac54e10fc1f4b39548d3adfa3b2617
COLLECT_GCC_OPTIONS='-v' '-o' 'CMakeFiles/cmTC_036a0.dir/CMakeCCompilerABI.c.o' '-c' '-mtune=generic' '-march=x86-64'
 /opt/rh/devtoolset-6/root/usr/libexec/gcc/x86_64-redhat-linux/6.3.1/as -v --64 -o CMakeFiles/cmTC_036a0.dir/CMakeCCompilerABI.c.o /tmp/ccXU3ChZ.s
GNU assembler version 2.27 (x86_64-redhat-linux) using BFD version version 2.27-12.el7.1
COMPILER_PATH=/opt/rh/devtoolset-6/root/usr/libexec/gcc/x86_64-redhat-linux/6.3.1/:/opt/rh/devtoolset-6/root/usr/libexec/gcc/x86_64-redhat-linux/6.3.1/:/opt/rh/devtoolset-6/root/usr/libexec/gcc/x86_64-redhat-linux/:/opt/rh/devtoolset-6/root/usr/lib/gcc/x86_64-redhat-linux/6.3.1/:/opt/rh/devtoolset-6/root/usr/lib/gcc/x86_64-redhat-linux/
LIBRARY_PATH=/opt/rh/devtoolset-6/root/usr/lib/gcc/x86_64-redhat-linux/6.3.1/:/opt/rh/devtoolset-6/root/usr/lib/gcc/x86_64-redhat-linux/6.3.1/../../../../lib64/:/lib/../lib64/:/usr/lib/../lib64/:/opt/rh/devtoolset-6/root/usr/lib/gcc/x86_64-redhat-linux/6.3.1/../../../:/lib/:/usr/lib/
COLLECT_GCC_OPTIONS='-v' '-o' 'CMakeFiles/cmTC_036a0.dir/CMakeCCompilerABI.c.o' '-c' '-mtune=generic' '-march=x86-64'
Linking C executable cmTC_036a0
/usr/bin/cmake3 -E cmake_link_script CMakeFiles/cmTC_036a0.dir/link.txt --verbose=1
/opt/rh/devtoolset-6/root/usr/bin/cc     -v -rdynamic CMakeFiles/cmTC_036a0.dir/CMakeCCompilerABI.c.o  -o cmTC_036a0 
Using built-in specs.
COLLECT_GCC=/opt/rh/devtoolset-6/root/usr/bin/cc
COLLECT_LTO_WRAPPER=/opt/rh/devtoolset-6/root/usr/libexec/gcc/x86_64-redhat-linux/6.3.1/lto-wrapper
Target: x86_64-redhat-linux
Configured with: ../configure --enable-bootstrap --enable-languages=c,c++,fortran,lto --prefix=/opt/rh/devtoolset-6/root/usr --mandir=/opt/rh/devtoolset-6/root/usr/share/man --infodir=/opt/rh/devtoolset-6/root/usr/share/info --with-bugurl=http://bugzilla.redhat.com/bugzilla --enable-shared --enable-threads=posix --enable-checking=release --enable-multilib --with-system-zlib --enable-__cxa_atexit --disable-libunwind-exceptions --enable-gnu-unique-object --enable-linker-build-id --enable-plugin --with-linker-hash-style=gnu --enable-initfini-array --disable-libgcj --with-default-libstdcxx-abi=gcc4-compatible --with-isl=/builddir/build/BUILD/gcc-6.3.1-20170216/obj-x86_64-redhat-linux/isl-install --enable-libmpx --enable-gnu-indirect-function --with-tune=generic --with-arch_32=i686 --build=x86_64-redhat-linux
Thread model: posix
gcc version 6.3.1 20170216 (Red Hat 6.3.1-3) (GCC) 
COMPILER_PATH=/opt/rh/devtoolset-6/root/usr/libexec/gcc/x86_64-redhat-linux/6.3.1/:/opt/rh/devtoolset-6/root/usr/libexec/gcc/x86_64-redhat-linux/6.3.1/:/opt/rh/devtoolset-6/root/usr/libexec/gcc/x86_64-redhat-linux/:/opt/rh/devtoolset-6/root/usr/lib/gcc/x86_64-redhat-linux/6.3.1/:/opt/rh/devtoolset-6/root/usr/lib/gcc/x86_64-redhat-linux/
LIBRARY_PATH=/opt/rh/devtoolset-6/root/usr/lib/gcc/x86_64-redhat-linux/6.3.1/:/opt/rh/devtoolset-6/root/usr/lib/gcc/x86_64-redhat-linux/6.3.1/../../../../lib64/:/lib/../lib64/:/usr/lib/../lib64/:/opt/rh/devtoolset-6/root/usr/lib/gcc/x86_64-redhat-linux/6.3.1/../../../:/lib/:/usr/lib/
COLLECT_GCC_OPTIONS='-v' '-rdynamic' '-o' 'cmTC_036a0' '-mtune=generic' '-march=x86-64'
 /opt/rh/devtoolset-6/root/usr/libexec/gcc/x86_64-redhat-linux/6.3.1/collect2 -plugin /opt/rh/devtoolset-6/root/usr/libexec/gcc/x86_64-redhat-linux/6.3.1/liblto_plugin.so -plugin-opt=/opt/rh/devtoolset-6/root/usr/libexec/gcc/x86_64-redhat-linux/6.3.1/lto-wrapper -plugin-opt=-fresolution=/tmp/cczEVga4.res -plugin-opt=-pass-through=-lgcc -plugin-opt=-pass-through=-lgcc_s -plugin-opt=-pass-through=-lc -plugin-opt=-pass-through=-lgcc -plugin-opt=-pass-through=-lgcc_s --build-id --no-add-needed --eh-frame-hdr --hash-style=gnu -m elf_x86_64 -export-dynamic -dynamic-linker /lib64/ld-linux-x86-64.so.2 -o cmTC_036a0 /lib/../lib64/crt1.o /lib/../lib64/crti.o /opt/rh/devtoolset-6/root/usr/lib/gcc/x86_64-redhat-linux/6.3.1/crtbegin.o -L/opt/rh/devtoolset-6/root/usr/lib/gcc/x86_64-redhat-linux/6.3.1 -L/opt/rh/devtoolset-6/root/usr/lib/gcc/x86_64-redhat-linux/6.3.1/../../../../lib64 -L/lib/../lib64 -L/usr/lib/../lib64 -L/opt/rh/devtoolset-6/root/usr/lib/gcc/x86_64-redhat-linux/6.3.1/../../.. CMakeFiles/cmTC_036a0.dir/CMakeCCompilerABI.c.o -lgcc --as-needed -lgcc_s --no-as-needed -lc -lgcc --as-needed -lgcc_s --no-as-needed /opt/rh/devtoolset-6/root/usr/lib/gcc/x86_64-redhat-linux/6.3.1/crtend.o /lib/../lib64/crtn.o
COLLECT_GCC_OPTIONS='-v' '-rdynamic' '-o' 'cmTC_036a0' '-mtune=generic' '-march=x86-64'
gmake[1]: Leaving directory '/home/csmajs/mvong006/lab-06---strategy-pattern-mvong006-isant028-amuni012/CMakeFiles/CMakeTmp'



Parsed C implicit include dir info from above output: rv=done
  found start of include info
  found start of implicit include info
    add: [/opt/rh/devtoolset-6/root/usr/lib/gcc/x86_64-redhat-linux/6.3.1/include]
    add: [/usr/local/include]
    add: [/opt/rh/devtoolset-6/root/usr/include]
    add: [/usr/include]
  end of search list found
  collapse include dir [/opt/rh/devtoolset-6/root/usr/lib/gcc/x86_64-redhat-linux/6.3.1/include] ==> [/opt/rh/devtoolset-6/root/usr/lib/gcc/x86_64-redhat-linux/6.3.1/include]
  collapse include dir [/usr/local/include] ==> [/usr/local/include]
  collapse include dir [/opt/rh/devtoolset-6/root/usr/include] ==> [/opt/rh/devtoolset-6/root/usr/include]
  collapse include dir [/usr/include] ==> [/usr/include]
  implicit include dirs: [/opt/rh/devtoolset-6/root/usr/lib/gcc/x86_64-redhat-linux/6.3.1/include;/usr/local/include;/opt/rh/devtoolset-6/root/usr/include;/usr/include]


Parsed C implicit link information from above output:
  link line regex: [^( *|.*[/\])(ld|CMAKE_LINK_STARTFILE-NOTFOUND|([^/\]+-)?ld|collect2)[^/\]*( |$)]
  ignore line: [Change Dir: /home/csmajs/mvong006/lab-06---strategy-pattern-mvong006-isant028-amuni012/CMakeFiles/CMakeTmp]
  ignore line: []
  ignore line: [Run Build Command(s):/opt/rh/devtoolset-6/root/usr/bin/gmake cmTC_036a0/fast && /opt/rh/devtoolset-6/root/usr/bin/gmake  -f CMakeFiles/cmTC_036a0.dir/build.make CMakeFiles/cmTC_036a0.dir/build]
  ignore line: [gmake[1]: Entering directory '/home/csmajs/mvong006/lab-06---strategy-pattern-mvong006-isant028-amuni012/CMakeFiles/CMakeTmp']
  ignore line: [Building C object CMakeFiles/cmTC_036a0.dir/CMakeCCompilerABI.c.o]
  ignore line: [/opt/rh/devtoolset-6/root/usr/bin/cc   -v -o CMakeFiles/cmTC_036a0.dir/CMakeCCompilerABI.c.o   -c /usr/share/cmake3/Modules/CMakeCCompilerABI.c]
  ignore line: [Using built-in specs.]
  ignore line: [COLLECT_GCC=/opt/rh/devtoolset-6/root/usr/bin/cc]
  ignore line: [Target: x86_64-redhat-linux]
  ignore line: [Configured with: ../configure --enable-bootstrap --enable-languages=c c++ fortran lto --prefix=/opt/rh/devtoolset-6/root/usr --mandir=/opt/rh/devtoolset-6/root/usr/share/man --infodir=/opt/rh/devtoolset-6/root/usr/share/info --with-bugurl=http://bugzilla.redhat.com/bugzilla --enable-shared --enable-threads=posix --enable-checking=release --enable-multilib --with-system-zlib --enable-__cxa_atexit --disable-libunwind-exceptions --enable-gnu-unique-object --enable-linker-build-id --enable-plugin --with-linker-hash-style=gnu --enable-initfini-array --disable-libgcj --with-default-libstdcxx-abi=gcc4-compatible --with-isl=/builddir/build/BUILD/gcc-6.3.1-20170216/obj-x86_64-redhat-linux/isl-install --enable-libmpx --enable-gnu-indirect-function --with-tune=generic --with-arch_32=i686 --build=x86_64-redhat-linux]
  ignore line: [Thread model: posix]
  ignore line: [gcc version 6.3.1 20170216 (Red Hat 6.3.1-3) (GCC) ]
  ignore line: [COLLECT_GCC_OPTIONS='-v' '-o' 'CMakeFiles/cmTC_036a0.dir/CMakeCCompilerABI.c.o' '-c' '-mtune=generic' '-march=x86-64']
  ignore line: [ /opt/rh/devtoolset-6/root/usr/libexec/gcc/x86_64-redhat-linux/6.3.1/cc1 -quiet -v /usr/share/cmake3/Modules/CMakeCCompilerABI.c -quiet -dumpbase CMakeCCompilerABI.c -mtune=generic -march=x86-64 -auxbase-strip CMakeFiles/cmTC_036a0.dir/CMakeCCompilerABI.c.o -version -o /tmp/ccXU3ChZ.s]
  ignore line: [GNU C11 (GCC) version 6.3.1 20170216 (Red Hat 6.3.1-3) (x86_64-redhat-linux)]
  ignore line: [	compiled by GNU C version 6.3.1 20170216 (Red Hat 6.3.1-3)  GMP version 6.0.0  MPFR version 3.1.1  MPC version 1.0.1  isl version 0.14 or 0.13]
  ignore line: [GGC heuristics: --param ggc-min-expand=100 --param ggc-min-heapsize=131072]
  ignore line: [ignoring nonexistent directory "/opt/rh/devtoolset-6/root/usr/lib/gcc/x86_64-redhat-linux/6.3.1/include-fixed"]
  ignore line: [ignoring nonexistent directory "/opt/rh/devtoolset-6/root/usr/lib/gcc/x86_64-redhat-linux/6.3.1/../../../../x86_64-redhat-linux/include"]
  ignore line: [#include "..." search starts here:]
  ignore line: [#include <...> search starts here:]
  ignore line: [ /opt/rh/devtoolset-6/root/usr/lib/gcc/x86_64-redhat-linux/6.3.1/include]
  ignore line: [ /usr/local/include]
  ignore line: [ /opt/rh/devtoolset-6/root/usr/include]
  ignore line: [ /usr/include]
  ignore line: [End of search list.]
  ignore line: [GNU C11 (GCC) version 6.3.1 20170216 (Red Hat 6.3.1-3) (x86_64-redhat-linux)]
  ignore line: [	compiled by GNU C version 6.3.1 20170216 (Red Hat 6.3.1-3)  GMP version 6.0.0  MPFR version 3.1.1  MPC version 1.0.1  isl version 0.14 or 0.13]
  ignore line: [GGC heuristics: --param ggc-min-expand=100 --param ggc-min-heapsize=131072]
  ignore line: [Compiler executable checksum: 18ac54e10fc1f4b39548d3adfa3b2617]
  ignore line: [COLLECT_GCC_OPTIONS='-v' '-o' 'CMakeFiles/cmTC_036a0.dir/CMakeCCompilerABI.c.o' '-c' '-mtune=generic' '-march=x86-64']
  ignore line: [ /opt/rh/devtoolset-6/root/usr/libexec/gcc/x86_64-redhat-linux/6.3.1/as -v --64 -o CMakeFiles/cmTC_036a0.dir/CMakeCCompilerABI.c.o /tmp/ccXU3ChZ.s]
  ignore line: [GNU assembler version 2.27 (x86_64-redhat-linux) using BFD version version 2.27-12.el7.1]
  ignore line: [COMPILER_PATH=/opt/rh/devtoolset-6/root/usr/libexec/gcc/x86_64-redhat-linux/6.3.1/:/opt/rh/devtoolset-6/root/usr/libexec/gcc/x86_64-redhat-linux/6.3.1/:/opt/rh/devtoolset-6/root/usr/libexec/gcc/x86_64-redhat-linux/:/opt/rh/devtoolset-6/root/usr/lib/gcc/x86_64-redhat-linux/6.3.1/:/opt/rh/devtoolset-6/root/usr/lib/gcc/x86_64-redhat-linux/]
  ignore line: [LIBRARY_PATH=/opt/rh/devtoolset-6/root/usr/lib/gcc/x86_64-redhat-linux/6.3.1/:/opt/rh/devtoolset-6/root/usr/lib/gcc/x86_64-redhat-linux/6.3.1/../../../../lib64/:/lib/../lib64/:/usr/lib/../lib64/:/opt/rh/devtoolset-6/root/usr/lib/gcc/x86_64-redhat-linux/6.3.1/../../../:/lib/:/usr/lib/]
  ignore line: [COLLECT_GCC_OPTIONS='-v' '-o' 'CMakeFiles/cmTC_036a0.dir/CMakeCCompilerABI.c.o' '-c' '-mtune=generic' '-march=x86-64']
  ignore line: [Linking C executable cmTC_036a0]
  ignore line: [/usr/bin/cmake3 -E cmake_link_script CMakeFiles/cmTC_036a0.dir/link.txt --verbose=1]
  ignore line: [/opt/rh/devtoolset-6/root/usr/bin/cc     -v -rdynamic CMakeFiles/cmTC_036a0.dir/CMakeCCompilerABI.c.o  -o cmTC_036a0 ]
  ignore line: [Using built-in specs.]
  ignore line: [COLLECT_GCC=/opt/rh/devtoolset-6/root/usr/bin/cc]
  ignore line: [COLLECT_LTO_WRAPPER=/opt/rh/devtoolset-6/root/usr/libexec/gcc/x86_64-redhat-linux/6.3.1/lto-wrapper]
  ignore line: [Target: x86_64-redhat-linux]
  ignore line: [Configured with: ../configure --enable-bootstrap --enable-languages=c c++ fortran lto --prefix=/opt/rh/devtoolset-6/root/usr --mandir=/opt/rh/devtoolset-6/root/usr/share/man --infodir=/opt/rh/devtoolset-6/root/usr/share/info --with-bugurl=http://bugzilla.redhat.com/bugzilla --enable-shared --enable-threads=posix --enable-checking=release --enable-multilib --with-system-zlib --enable-__cxa_atexit --disable-libunwind-exceptions --enable-gnu-unique-object --enable-linker-build-id --enable-plugin --with-linker-hash-style=gnu --enable-initfini-array --disable-libgcj --with-default-libstdcxx-abi=gcc4-compatible --with-isl=/builddir/build/BUILD/gcc-6.3.1-20170216/obj-x86_64-redhat-linux/isl-install --enable-libmpx --enable-gnu-indirect-function --with-tune=generic --with-arch_32=i686 --build=x86_64-redhat-linux]
  ignore line: [Thread model: posix]
  ignore line: [gcc version 6.3.1 20170216 (Red Hat 6.3.1-3) (GCC) ]
  ignore line: [COMPILER_PATH=/opt/rh/devtoolset-6/root/usr/libexec/gcc/x86_64-redhat-linux/6.3.1/:/opt/rh/devtoolset-6/root/usr/libexec/gcc/x86_64-redhat-linux/6.3.1/:/opt/rh/devtoolset-6/root/usr/libexec/gcc/x86_64-redhat-linux/:/opt/rh/devtoolset-6/root/usr/lib/gcc/x86_64-redhat-linux/6.3.1/:/opt/rh/devtoolset-6/root/usr/lib/gcc/x86_64-redhat-linux/]
  ignore line: [LIBRARY_PATH=/opt/rh/devtoolset-6/root/usr/lib/gcc/x86_64-redhat-linux/6.3.1/:/opt/rh/devtoolset-6/root/usr/lib/gcc/x86_64-redhat-linux/6.3.1/../../../../lib64/:/lib/../lib64/:/usr/lib/../lib64/:/opt/rh/devtoolset-6/root/usr/lib/gcc/x86_64-redhat-linux/6.3.1/../../../:/lib/:/usr/lib/]
  ignore line: [COLLECT_GCC_OPTIONS='-v' '-rdynamic' '-o' 'cmTC_036a0' '-mtune=generic' '-march=x86-64']
  link line: [ /opt/rh/devtoolset-6/root/usr/libexec/gcc/x86_64-redhat-linux/6.3.1/collect2 -plugin /opt/rh/devtoolset-6/root/usr/libexec/gcc/x86_64-redhat-linux/6.3.1/liblto_plugin.so -plugin-opt=/opt/rh/devtoolset-6/root/usr/libexec/gcc/x86_64-redhat-linux/6.3.1/lto-wrapper -plugin-opt=-fresolution=/tmp/cczEVga4.res -plugin-opt=-pass-through=-lgcc -plugin-opt=-pass-through=-lgcc_s -plugin-opt=-pass-through=-lc -plugin-opt=-pass-through=-lgcc -plugin-opt=-pass-through=-lgcc_s --build-id --no-add-needed --eh-frame-hdr --hash-style=gnu -m elf_x86_64 -export-dynamic -dynamic-linker /lib64/ld-linux-x86-64.so.2 -o cmTC_036a0 /lib/../lib64/crt1.o /lib/../lib64/crti.o /opt/rh/devtoolset-6/root/usr/lib/gcc/x86_64-redhat-linux/6.3.1/crtbegin.o -L/opt/rh/devtoolset-6/root/usr/lib/gcc/x86_64-redhat-linux/6.3.1 -L/opt/rh/devtoolset-6/root/usr/lib/gcc/x86_64-redhat-linux/6.3.1/../../../../lib64 -L/lib/../lib64 -L/usr/lib/../lib64 -L/opt/rh/devtoolset-6/root/usr/lib/gcc/x86_64-redhat-linux/6.3.1/../../.. CMakeFiles/cmTC_036a0.dir/CMakeCCompilerABI.c.o -lgcc --as-needed -lgcc_s --no-as-needed -lc -lgcc --as-needed -lgcc_s --no-as-needed /opt/rh/devtoolset-6/root/usr/lib/gcc/x86_64-redhat-linux/6.3.1/crtend.o /lib/../lib64/crtn.o]
    arg [/opt/rh/devtoolset-6/root/usr/libexec/gcc/x86_64-redhat-linux/6.3.1/collect2] ==> ignore
    arg [-plugin] ==> ignore
    arg [/opt/rh/devtoolset-6/root/usr/libexec/gcc/x86_64-redhat-linux/6.3.1/liblto_plugin.so] ==> ignore
    arg [-plugin-opt=/opt/rh/devtoolset-6/root/usr/libexec/gcc/x86_64-redhat-linux/6.3.1/lto-wrapper] ==> ignore
    arg [-plugin-opt=-fresolution=/tmp/cczEVga4.res] ==> ignore
    arg [-plugin-opt=-pass-through=-lgcc] ==> ignore
    arg [-plugin-opt=-pass-through=-lgcc_s] ==> ignore
    arg [-plugin-opt=-pass-through=-lc] ==> ignore
    arg [-plugin-opt=-pass-through=-lgcc] ==> ignore
    arg [-plugin-opt=-pass-through=-lgcc_s] ==> ignore
    arg [--build-id] ==> ignore
    arg [--no-add-needed] ==> ignore
    arg [--eh-frame-hdr] ==> ignore
    arg [--hash-style=gnu] ==> ignore
    arg [-m] ==> ignore
    arg [elf_x86_64] ==> ignore
    arg [-export-dynamic] ==> ignore
    arg [-dynamic-linker] ==> ignore
    arg [/lib64/ld-linux-x86-64.so.2] ==> ignore
    arg [-o] ==> ignore
    arg [cmTC_036a0] ==> ignore
    arg [/lib/../lib64/crt1.o] ==> ignore
    arg [/lib/../lib64/crti.o] ==> ignore
    arg [/opt/rh/devtoolset-6/root/usr/lib/gcc/x86_64-redhat-linux/6.3.1/crtbegin.o] ==> ignore
    arg [-L/opt/rh/devtoolset-6/root/usr/lib/gcc/x86_64-redhat-linux/6.3.1] ==> dir [/opt/rh/devtoolset-6/root/usr/lib/gcc/x86_64-redhat-linux/6.3.1]
    arg [-L/opt/rh/devtoolset-6/root/usr/lib/gcc/x86_64-redhat-linux/6.3.1/../../../../lib64] ==> dir [/opt/rh/devtoolset-6/root/usr/lib/gcc/x86_64-redhat-linux/6.3.1/../../../../lib64]
    arg [-L/lib/../lib64] ==> dir [/lib/../lib64]
    arg [-L/usr/lib/../lib64] ==> dir [/usr/lib/../lib64]
    arg [-L/opt/rh/devtoolset-6/root/usr/lib/gcc/x86_64-redhat-linux/6.3.1/../../..] ==> dir [/opt/rh/devtoolset-6/root/usr/lib/gcc/x86_64-redhat-linux/6.3.1/../../..]
    arg [CMakeFiles/cmTC_036a0.dir/CMakeCCompilerABI.c.o] ==> ignore
    arg [-lgcc] ==> lib [gcc]
    arg [--as-needed] ==> ignore
    arg [-lgcc_s] ==> lib [gcc_s]
    arg [--no-as-needed] ==> ignore
    arg [-lc] ==> lib [c]
    arg [-lgcc] ==> lib [gcc]
    arg [--as-needed] ==> ignore
    arg [-lgcc_s] ==> lib [gcc_s]
    arg [--no-as-needed] ==> ignore
    arg [/opt/rh/devtoolset-6/root/usr/lib/gcc/x86_64-redhat-linux/6.3.1/crtend.o] ==> ignore
    arg [/lib/../lib64/crtn.o] ==> ignore
  collapse library dir [/opt/rh/devtoolset-6/root/usr/lib/gcc/x86_64-redhat-linux/6.3.1] ==> [/opt/rh/devtoolset-6/root/usr/lib/gcc/x86_64-redhat-linux/6.3.1]
  collapse library dir [/opt/rh/devtoolset-6/root/usr/lib/gcc/x86_64-redhat-linux/6.3.1/../../../../lib64] ==> [/opt/rh/devtoolset-6/root/usr/lib64]
  collapse library dir [/lib/../lib64] ==> [/lib64]
  collapse library dir [/usr/lib/../lib64] ==> [/usr/lib64]
  collapse library dir [/opt/rh/devtoolset-6/root/usr/lib/gcc/x86_64-redhat-linux/6.3.1/../../..] ==> [/opt/rh/devtoolset-6/root/usr/lib]
  implicit libs: [gcc;gcc_s;c;gcc;gcc_s]
  implicit dirs: [/opt/rh/devtoolset-6/root/usr/lib/gcc/x86_64-redhat-linux/6.3.1;/opt/rh/devtoolset-6/root/usr/lib64;/lib64;/usr/lib64;/opt/rh/devtoolset-6/root/usr/lib]
  implicit fwks: []


Determining if the CXX compiler works passed with the following output:
Change Dir: /home/csmajs/mvong006/lab-06---strategy-pattern-mvong006-isant028-amuni012/CMakeFiles/CMakeTmp

Run Build Command(s):/opt/rh/devtoolset-6/root/usr/bin/gmake cmTC_f335e/fast && /opt/rh/devtoolset-6/root/usr/bin/gmake  -f CMakeFiles/cmTC_f335e.dir/build.make CMakeFiles/cmTC_f335e.dir/build
gmake[1]: Entering directory '/home/csmajs/mvong006/lab-06---strategy-pattern-mvong006-isant028-amuni012/CMakeFiles/CMakeTmp'
Building CXX object CMakeFiles/cmTC_f335e.dir/testCXXCompiler.cxx.o
/opt/rh/devtoolset-6/root/usr/bin/c++     -o CMakeFiles/cmTC_f335e.dir/testCXXCompiler.cxx.o -c /home/csmajs/mvong006/lab-06---strategy-pattern-mvong006-isant028-amuni012/CMakeFiles/CMakeTmp/testCXXCompiler.cxx
Linking CXX executable cmTC_f335e
/usr/bin/cmake3 -E cmake_link_script CMakeFiles/cmTC_f335e.dir/link.txt --verbose=1
/opt/rh/devtoolset-6/root/usr/bin/c++       -rdynamic CMakeFiles/cmTC_f335e.dir/testCXXCompiler.cxx.o  -o cmTC_f335e 
gmake[1]: Leaving directory '/home/csmajs/mvong006/lab-06---strategy-pattern-mvong006-isant028-amuni012/CMakeFiles/CMakeTmp'



Detecting CXX compiler ABI info compiled with the following output:
Change Dir: /home/csmajs/mvong006/lab-06---strategy-pattern-mvong006-isant028-amuni012/CMakeFiles/CMakeTmp

Run Build Command(s):/opt/rh/devtoolset-6/root/usr/bin/gmake cmTC_a36ac/fast && /opt/rh/devtoolset-6/root/usr/bin/gmake  -f CMakeFiles/cmTC_a36ac.dir/build.make CMakeFiles/cmTC_a36ac.dir/build
gmake[1]: Entering directory '/home/csmajs/mvong006/lab-06---strategy-pattern-mvong006-isant028-amuni012/CMakeFiles/CMakeTmp'
Building CXX object CMakeFiles/cmTC_a36ac.dir/CMakeCXXCompilerABI.cpp.o
/opt/rh/devtoolset-6/root/usr/bin/c++    -v -o CMakeFiles/cmTC_a36ac.dir/CMakeCXXCompilerABI.cpp.o -c /usr/share/cmake3/Modules/CMakeCXXCompilerABI.cpp
Using built-in specs.
COLLECT_GCC=/opt/rh/devtoolset-6/root/usr/bin/c++
Target: x86_64-redhat-linux
Configured with: ../configure --enable-bootstrap --enable-languages=c,c++,fortran,lto --prefix=/opt/rh/devtoolset-6/root/usr --mandir=/opt/rh/devtoolset-6/root/usr/share/man --infodir=/opt/rh/devtoolset-6/root/usr/share/info --with-bugurl=http://bugzilla.redhat.com/bugzilla --enable-shared --enable-threads=posix --enable-checking=release --enable-multilib --with-system-zlib --enable-__cxa_atexit --disable-libunwind-exceptions --enable-gnu-unique-object --enable-linker-build-id --enable-plugin --with-linker-hash-style=gnu --enable-initfini-array --disable-libgcj --with-default-libstdcxx-abi=gcc4-compatible --with-isl=/builddir/build/BUILD/gcc-6.3.1-20170216/obj-x86_64-redhat-linux/isl-install --enable-libmpx --enable-gnu-indirect-function --with-tune=generic --with-arch_32=i686 --build=x86_64-redhat-linux
Thread model: posix
gcc version 6.3.1 20170216 (Red Hat 6.3.1-3) (GCC) 
COLLECT_GCC_OPTIONS='-v' '-o' 'CMakeFiles/cmTC_a36ac.dir/CMakeCXXCompilerABI.cpp.o' '-c' '-shared-libgcc' '-mtune=generic' '-march=x86-64'
 /opt/rh/devtoolset-6/root/usr/libexec/gcc/x86_64-redhat-linux/6.3.1/cc1plus -quiet -v -D_GNU_SOURCE /usr/share/cmake3/Modules/CMakeCXXCompilerABI.cpp -quiet -dumpbase CMakeCXXCompilerABI.cpp -mtune=generic -march=x86-64 -auxbase-strip CMakeFiles/cmTC_a36ac.dir/CMakeCXXCompilerABI.cpp.o -version -o /tmp/cciI4dXm.s
GNU C++14 (GCC) version 6.3.1 20170216 (Red Hat 6.3.1-3) (x86_64-redhat-linux)
	compiled by GNU C version 6.3.1 20170216 (Red Hat 6.3.1-3), GMP version 6.0.0, MPFR version 3.1.1, MPC version 1.0.1, isl version 0.14 or 0.13
GGC heuristics: --param ggc-min-expand=100 --param ggc-min-heapsize=131072
ignoring nonexistent directory "/opt/rh/devtoolset-6/root/usr/lib/gcc/x86_64-redhat-linux/6.3.1/include-fixed"
ignoring nonexistent directory "/opt/rh/devtoolset-6/root/usr/lib/gcc/x86_64-redhat-linux/6.3.1/../../../../x86_64-redhat-linux/include"
#include "..." search starts here:
#include <...> search starts here:
 /opt/rh/devtoolset-6/root/usr/lib/gcc/x86_64-redhat-linux/6.3.1/../../../../include/c++/6.3.1
 /opt/rh/devtoolset-6/root/usr/lib/gcc/x86_64-redhat-linux/6.3.1/../../../../include/c++/6.3.1/x86_64-redhat-linux
 /opt/rh/devtoolset-6/root/usr/lib/gcc/x86_64-redhat-linux/6.3.1/../../../../include/c++/6.3.1/backward
 /opt/rh/devtoolset-6/root/usr/lib/gcc/x86_64-redhat-linux/6.3.1/include
 /usr/local/include
 /opt/rh/devtoolset-6/root/usr/include
 /usr/include
End of search list.
GNU C++14 (GCC) version 6.3.1 20170216 (Red Hat 6.3.1-3) (x86_64-redhat-linux)
	compiled by GNU C version 6.3.1 20170216 (Red Hat 6.3.1-3), GMP version 6.0.0, MPFR version 3.1.1, MPC version 1.0.1, isl version 0.14 or 0.13
GGC heuristics: --param ggc-min-expand=100 --param ggc-min-heapsize=131072
Compiler executable checksum: a68b63195c158323cd63fe518b04b091
COLLECT_GCC_OPTIONS='-v' '-o' 'CMakeFiles/cmTC_a36ac.dir/CMakeCXXCompilerABI.cpp.o' '-c' '-shared-libgcc' '-mtune=generic' '-march=x86-64'
 /opt/rh/devtoolset-6/root/usr/libexec/gcc/x86_64-redhat-linux/6.3.1/as -v --64 -o CMakeFiles/cmTC_a36ac.dir/CMakeCXXCompilerABI.cpp.o /tmp/cciI4dXm.s
GNU assembler version 2.27 (x86_64-redhat-linux) using BFD version version 2.27-12.el7.1
COMPILER_PATH=/opt/rh/devtoolset-6/root/usr/libexec/gcc/x86_64-redhat-linux/6.3.1/:/opt/rh/devtoolset-6/root/usr/libexec/gcc/x86_64-redhat-linux/6.3.1/:/opt/rh/devtoolset-6/root/usr/libexec/gcc/x86_64-redhat-linux/:/opt/rh/devtoolset-6/root/usr/lib/gcc/x86_64-redhat-linux/6.3.1/:/opt/rh/devtoolset-6/root/usr/lib/gcc/x86_64-redhat-linux/
LIBRARY_PATH=/opt/rh/devtoolset-6/root/usr/lib/gcc/x86_64-redhat-linux/6.3.1/:/opt/rh/devtoolset-6/root/usr/lib/gcc/x86_64-redhat-linux/6.3.1/../../../../lib64/:/lib/../lib64/:/usr/lib/../lib64/:/opt/rh/devtoolset-6/root/usr/lib/gcc/x86_64-redhat-linux/6.3.1/../../../:/lib/:/usr/lib/
COLLECT_GCC_OPTIONS='-v' '-o' 'CMakeFiles/cmTC_a36ac.dir/CMakeCXXCompilerABI.cpp.o' '-c' '-shared-libgcc' '-mtune=generic' '-march=x86-64'
Linking CXX executable cmTC_a36ac
/usr/bin/cmake3 -E cmake_link_script CMakeFiles/cmTC_a36ac.dir/link.txt --verbose=1
/opt/rh/devtoolset-6/root/usr/bin/c++      -v -rdynamic CMakeFiles/cmTC_a36ac.dir/CMakeCXXCompilerABI.cpp.o  -o cmTC_a36ac 
Using built-in specs.
COLLECT_GCC=/opt/rh/devtoolset-6/root/usr/bin/c++
COLLECT_LTO_WRAPPER=/opt/rh/devtoolset-6/root/usr/libexec/gcc/x86_64-redhat-linux/6.3.1/lto-wrapper
Target: x86_64-redhat-linux
Configured with: ../configure --enable-bootstrap --enable-languages=c,c++,fortran,lto --prefix=/opt/rh/devtoolset-6/root/usr --mandir=/opt/rh/devtoolset-6/root/usr/share/man --infodir=/opt/rh/devtoolset-6/root/usr/share/info --with-bugurl=http://bugzilla.redhat.com/bugzilla --enable-shared --enable-threads=posix --enable-checking=release --enable-multilib --with-system-zlib --enable-__cxa_atexit --disable-libunwind-exceptions --enable-gnu-unique-object --enable-linker-build-id --enable-plugin --with-linker-hash-style=gnu --enable-initfini-array --disable-libgcj --with-default-libstdcxx-abi=gcc4-compatible --with-isl=/builddir/build/BUILD/gcc-6.3.1-20170216/obj-x86_64-redhat-linux/isl-install --enable-libmpx --enable-gnu-indirect-function --with-tune=generic --with-arch_32=i686 --build=x86_64-redhat-linux
Thread model: posix
gcc version 6.3.1 20170216 (Red Hat 6.3.1-3) (GCC) 
COMPILER_PATH=/opt/rh/devtoolset-6/root/usr/libexec/gcc/x86_64-redhat-linux/6.3.1/:/opt/rh/devtoolset-6/root/usr/libexec/gcc/x86_64-redhat-linux/6.3.1/:/opt/rh/devtoolset-6/root/usr/libexec/gcc/x86_64-redhat-linux/:/opt/rh/devtoolset-6/root/usr/lib/gcc/x86_64-redhat-linux/6.3.1/:/opt/rh/devtoolset-6/root/usr/lib/gcc/x86_64-redhat-linux/
LIBRARY_PATH=/opt/rh/devtoolset-6/root/usr/lib/gcc/x86_64-redhat-linux/6.3.1/:/opt/rh/devtoolset-6/root/usr/lib/gcc/x86_64-redhat-linux/6.3.1/../../../../lib64/:/lib/../lib64/:/usr/lib/../lib64/:/opt/rh/devtoolset-6/root/usr/lib/gcc/x86_64-redhat-linux/6.3.1/../../../:/lib/:/usr/lib/
COLLECT_GCC_OPTIONS='-v' '-rdynamic' '-o' 'cmTC_a36ac' '-shared-libgcc' '-mtune=generic' '-march=x86-64'
 /opt/rh/devtoolset-6/root/usr/libexec/gcc/x86_64-redhat-linux/6.3.1/collect2 -plugin /opt/rh/devtoolset-6/root/usr/libexec/gcc/x86_64-redhat-linux/6.3.1/liblto_plugin.so -plugin-opt=/opt/rh/devtoolset-6/root/usr/libexec/gcc/x86_64-redhat-linux/6.3.1/lto-wrapper -plugin-opt=-fresolution=/tmp/cch6Kp4g.res -plugin-opt=-pass-through=-lgcc_s -plugin-opt=-pass-through=-lgcc -plugin-opt=-pass-through=-lc -plugin-opt=-pass-through=-lgcc_s -plugin-opt=-pass-through=-lgcc --build-id --no-add-needed --eh-frame-hdr --hash-style=gnu -m elf_x86_64 -export-dynamic -dynamic-linker /lib64/ld-linux-x86-64.so.2 -o cmTC_a36ac /lib/../lib64/crt1.o /lib/../lib64/crti.o /opt/rh/devtoolset-6/root/usr/lib/gcc/x86_64-redhat-linux/6.3.1/crtbegin.o -L/opt/rh/devtoolset-6/root/usr/lib/gcc/x86_64-redhat-linux/6.3.1 -L/opt/rh/devtoolset-6/root/usr/lib/gcc/x86_64-redhat-linux/6.3.1/../../../../lib64 -L/lib/../lib64 -L/usr/lib/../lib64 -L/opt/rh/devtoolset-6/root/usr/lib/gcc/x86_64-redhat-linux/6.3.1/../../.. CMakeFiles/cmTC_a36ac.dir/CMakeCXXCompilerABI.cpp.o -lstdc++ -lm -lgcc_s -lgcc -lc -lgcc_s -lgcc /opt/rh/devtoolset-6/root/usr/lib/gcc/x86_64-redhat-linux/6.3.1/crtend.o /lib/../lib64/crtn.o
COLLECT_GCC_OPTIONS='-v' '-rdynamic' '-o' 'cmTC_a36ac' '-shared-libgcc' '-mtune=generic' '-march=x86-64'
gmake[1]: Leaving directory '/home/csmajs/mvong006/lab-06---strategy-pattern-mvong006-isant028-amuni012/CMakeFiles/CMakeTmp'



Parsed CXX implicit include dir info from above output: rv=done
  found start of include info
  found start of implicit include info
    add: [/opt/rh/devtoolset-6/root/usr/lib/gcc/x86_64-redhat-linux/6.3.1/../../../../include/c++/6.3.1]
    add: [/opt/rh/devtoolset-6/root/usr/lib/gcc/x86_64-redhat-linux/6.3.1/../../../../include/c++/6.3.1/x86_64-redhat-linux]
    add: [/opt/rh/devtoolset-6/root/usr/lib/gcc/x86_64-redhat-linux/6.3.1/../../../../include/c++/6.3.1/backward]
    add: [/opt/rh/devtoolset-6/root/usr/lib/gcc/x86_64-redhat-linux/6.3.1/include]
    add: [/usr/local/include]
    add: [/opt/rh/devtoolset-6/root/usr/include]
    add: [/usr/include]
  end of search list found
  collapse include dir [/opt/rh/devtoolset-6/root/usr/lib/gcc/x86_64-redhat-linux/6.3.1/../../../../include/c++/6.3.1] ==> [/opt/rh/devtoolset-6/root/usr/include/c++/6.3.1]
  collapse include dir [/opt/rh/devtoolset-6/root/usr/lib/gcc/x86_64-redhat-linux/6.3.1/../../../../include/c++/6.3.1/x86_64-redhat-linux] ==> [/opt/rh/devtoolset-6/root/usr/include/c++/6.3.1/x86_64-redhat-linux]
  collapse include dir [/opt/rh/devtoolset-6/root/usr/lib/gcc/x86_64-redhat-linux/6.3.1/../../../../include/c++/6.3.1/backward] ==> [/opt/rh/devtoolset-6/root/usr/include/c++/6.3.1/backward]
  collapse include dir [/opt/rh/devtoolset-6/root/usr/lib/gcc/x86_64-redhat-linux/6.3.1/include] ==> [/opt/rh/devtoolset-6/root/usr/lib/gcc/x86_64-redhat-linux/6.3.1/include]
  collapse include dir [/usr/local/include] ==> [/usr/local/include]
  collapse include dir [/opt/rh/devtoolset-6/root/usr/include] ==> [/opt/rh/devtoolset-6/root/usr/include]
  collapse include dir [/usr/include] ==> [/usr/include]
  implicit include dirs: [/opt/rh/devtoolset-6/root/usr/include/c++/6.3.1;/opt/rh/devtoolset-6/root/usr/include/c++/6.3.1/x86_64-redhat-linux;/opt/rh/devtoolset-6/root/usr/include/c++/6.3.1/backward;/opt/rh/devtoolset-6/root/usr/lib/gcc/x86_64-redhat-linux/6.3.1/include;/usr/local/include;/opt/rh/devtoolset-6/root/usr/include;/usr/include]


Parsed CXX implicit link information from above output:
  link line regex: [^( *|.*[/\])(ld|CMAKE_LINK_STARTFILE-NOTFOUND|([^/\]+-)?ld|collect2)[^/\]*( |$)]
  ignore line: [Change Dir: /home/csmajs/mvong006/lab-06---strategy-pattern-mvong006-isant028-amuni012/CMakeFiles/CMakeTmp]
  ignore line: []
  ignore line: [Run Build Command(s):/opt/rh/devtoolset-6/root/usr/bin/gmake cmTC_a36ac/fast && /opt/rh/devtoolset-6/root/usr/bin/gmake  -f CMakeFiles/cmTC_a36ac.dir/build.make CMakeFiles/cmTC_a36ac.dir/build]
  ignore line: [gmake[1]: Entering directory '/home/csmajs/mvong006/lab-06---strategy-pattern-mvong006-isant028-amuni012/CMakeFiles/CMakeTmp']
  ignore line: [Building CXX object CMakeFiles/cmTC_a36ac.dir/CMakeCXXCompilerABI.cpp.o]
  ignore line: [/opt/rh/devtoolset-6/root/usr/bin/c++    -v -o CMakeFiles/cmTC_a36ac.dir/CMakeCXXCompilerABI.cpp.o -c /usr/share/cmake3/Modules/CMakeCXXCompilerABI.cpp]
  ignore line: [Using built-in specs.]
  ignore line: [COLLECT_GCC=/opt/rh/devtoolset-6/root/usr/bin/c++]
  ignore line: [Target: x86_64-redhat-linux]
  ignore line: [Configured with: ../configure --enable-bootstrap --enable-languages=c c++ fortran lto --prefix=/opt/rh/devtoolset-6/root/usr --mandir=/opt/rh/devtoolset-6/root/usr/share/man --infodir=/opt/rh/devtoolset-6/root/usr/share/info --with-bugurl=http://bugzilla.redhat.com/bugzilla --enable-shared --enable-threads=posix --enable-checking=release --enable-multilib --with-system-zlib --enable-__cxa_atexit --disable-libunwind-exceptions --enable-gnu-unique-object --enable-linker-build-id --enable-plugin --with-linker-hash-style=gnu --enable-initfini-array --disable-libgcj --with-default-libstdcxx-abi=gcc4-compatible --with-isl=/builddir/build/BUILD/gcc-6.3.1-20170216/obj-x86_64-redhat-linux/isl-install --enable-libmpx --enable-gnu-indirect-function --with-tune=generic --with-arch_32=i686 --build=x86_64-redhat-linux]
  ignore line: [Thread model: posix]
  ignore line: [gcc version 6.3.1 20170216 (Red Hat 6.3.1-3) (GCC) ]
  ignore line: [COLLECT_GCC_OPTIONS='-v' '-o' 'CMakeFiles/cmTC_a36ac.dir/CMakeCXXCompilerABI.cpp.o' '-c' '-shared-libgcc' '-mtune=generic' '-march=x86-64']
  ignore line: [ /opt/rh/devtoolset-6/root/usr/libexec/gcc/x86_64-redhat-linux/6.3.1/cc1plus -quiet -v -D_GNU_SOURCE /usr/share/cmake3/Modules/CMakeCXXCompilerABI.cpp -quiet -dumpbase CMakeCXXCompilerABI.cpp -mtune=generic -march=x86-64 -auxbase-strip CMakeFiles/cmTC_a36ac.dir/CMakeCXXCompilerABI.cpp.o -version -o /tmp/cciI4dXm.s]
  ignore line: [GNU C++14 (GCC) version 6.3.1 20170216 (Red Hat 6.3.1-3) (x86_64-redhat-linux)]
  ignore line: [	compiled by GNU C version 6.3.1 20170216 (Red Hat 6.3.1-3)  GMP version 6.0.0  MPFR version 3.1.1  MPC version 1.0.1  isl version 0.14 or 0.13]
  ignore line: [GGC heuristics: --param ggc-min-expand=100 --param ggc-min-heapsize=131072]
  ignore line: [ignoring nonexistent directory "/opt/rh/devtoolset-6/root/usr/lib/gcc/x86_64-redhat-linux/6.3.1/include-fixed"]
  ignore line: [ignoring nonexistent directory "/opt/rh/devtoolset-6/root/usr/lib/gcc/x86_64-redhat-linux/6.3.1/../../../../x86_64-redhat-linux/include"]
  ignore line: [#include "..." search starts here:]
  ignore line: [#include <...> search starts here:]
  ignore line: [ /opt/rh/devtoolset-6/root/usr/lib/gcc/x86_64-redhat-linux/6.3.1/../../../../include/c++/6.3.1]
  ignore line: [ /opt/rh/devtoolset-6/root/usr/lib/gcc/x86_64-redhat-linux/6.3.1/../../../../include/c++/6.3.1/x86_64-redhat-linux]
  ignore line: [ /opt/rh/devtoolset-6/root/usr/lib/gcc/x86_64-redhat-linux/6.3.1/../../../../include/c++/6.3.1/backward]
  ignore line: [ /opt/rh/devtoolset-6/root/usr/lib/gcc/x86_64-redhat-linux/6.3.1/include]
  ignore line: [ /usr/local/include]
  ignore line: [ /opt/rh/devtoolset-6/root/usr/include]
  ignore line: [ /usr/include]
  ignore line: [End of search list.]
  ignore line: [GNU C++14 (GCC) version 6.3.1 20170216 (Red Hat 6.3.1-3) (x86_64-redhat-linux)]
  ignore line: [	compiled by GNU C version 6.3.1 20170216 (Red Hat 6.3.1-3)  GMP version 6.0.0  MPFR version 3.1.1  MPC version 1.0.1  isl version 0.14 or 0.13]
  ignore line: [GGC heuristics: --param ggc-min-expand=100 --param ggc-min-heapsize=131072]
  ignore line: [Compiler executable checksum: a68b63195c158323cd63fe518b04b091]
  ignore line: [COLLECT_GCC_OPTIONS='-v' '-o' 'CMakeFiles/cmTC_a36ac.dir/CMakeCXXCompilerABI.cpp.o' '-c' '-shared-libgcc' '-mtune=generic' '-march=x86-64']
  ignore line: [ /opt/rh/devtoolset-6/root/usr/libexec/gcc/x86_64-redhat-linux/6.3.1/as -v --64 -o CMakeFiles/cmTC_a36ac.dir/CMakeCXXCompilerABI.cpp.o /tmp/cciI4dXm.s]
  ignore line: [GNU assembler version 2.27 (x86_64-redhat-linux) using BFD version version 2.27-12.el7.1]
  ignore line: [COMPILER_PATH=/opt/rh/devtoolset-6/root/usr/libexec/gcc/x86_64-redhat-linux/6.3.1/:/opt/rh/devtoolset-6/root/usr/libexec/gcc/x86_64-redhat-linux/6.3.1/:/opt/rh/devtoolset-6/root/usr/libexec/gcc/x86_64-redhat-linux/:/opt/rh/devtoolset-6/root/usr/lib/gcc/x86_64-redhat-linux/6.3.1/:/opt/rh/devtoolset-6/root/usr/lib/gcc/x86_64-redhat-linux/]
  ignore line: [LIBRARY_PATH=/opt/rh/devtoolset-6/root/usr/lib/gcc/x86_64-redhat-linux/6.3.1/:/opt/rh/devtoolset-6/root/usr/lib/gcc/x86_64-redhat-linux/6.3.1/../../../../lib64/:/lib/../lib64/:/usr/lib/../lib64/:/opt/rh/devtoolset-6/root/usr/lib/gcc/x86_64-redhat-linux/6.3.1/../../../:/lib/:/usr/lib/]
  ignore line: [COLLECT_GCC_OPTIONS='-v' '-o' 'CMakeFiles/cmTC_a36ac.dir/CMakeCXXCompilerABI.cpp.o' '-c' '-shared-libgcc' '-mtune=generic' '-march=x86-64']
  ignore line: [Linking CXX executable cmTC_a36ac]
  ignore line: [/usr/bin/cmake3 -E cmake_link_script CMakeFiles/cmTC_a36ac.dir/link.txt --verbose=1]
  ignore line: [/opt/rh/devtoolset-6/root/usr/bin/c++      -v -rdynamic CMakeFiles/cmTC_a36ac.dir/CMakeCXXCompilerABI.cpp.o  -o cmTC_a36ac ]
  ignore line: [Using built-in specs.]
  ignore line: [COLLECT_GCC=/opt/rh/devtoolset-6/root/usr/bin/c++]
  ignore line: [COLLECT_LTO_WRAPPER=/opt/rh/devtoolset-6/root/usr/libexec/gcc/x86_64-redhat-linux/6.3.1/lto-wrapper]
  ignore line: [Target: x86_64-redhat-linux]
  ignore line: [Configured with: ../configure --enable-bootstrap --enable-languages=c c++ fortran lto --prefix=/opt/rh/devtoolset-6/root/usr --mandir=/opt/rh/devtoolset-6/root/usr/share/man --infodir=/opt/rh/devtoolset-6/root/usr/share/info --with-bugurl=http://bugzilla.redhat.com/bugzilla --enable-shared --enable-threads=posix --enable-checking=release --enable-multilib --with-system-zlib --enable-__cxa_atexit --disable-libunwind-exceptions --enable-gnu-unique-object --enable-linker-build-id --enable-plugin --with-linker-hash-style=gnu --enable-initfini-array --disable-libgcj --with-default-libstdcxx-abi=gcc4-compatible --with-isl=/builddir/build/BUILD/gcc-6.3.1-20170216/obj-x86_64-redhat-linux/isl-install --enable-libmpx --enable-gnu-indirect-function --with-tune=generic --with-arch_32=i686 --build=x86_64-redhat-linux]
  ignore line: [Thread model: posix]
  ignore line: [gcc version 6.3.1 20170216 (Red Hat 6.3.1-3) (GCC) ]
  ignore line: [COMPILER_PATH=/opt/rh/devtoolset-6/root/usr/libexec/gcc/x86_64-redhat-linux/6.3.1/:/opt/rh/devtoolset-6/root/usr/libexec/gcc/x86_64-redhat-linux/6.3.1/:/opt/rh/devtoolset-6/root/usr/libexec/gcc/x86_64-redhat-linux/:/opt/rh/devtoolset-6/root/usr/lib/gcc/x86_64-redhat-linux/6.3.1/:/opt/rh/devtoolset-6/root/usr/lib/gcc/x86_64-redhat-linux/]
  ignore line: [LIBRARY_PATH=/opt/rh/devtoolset-6/root/usr/lib/gcc/x86_64-redhat-linux/6.3.1/:/opt/rh/devtoolset-6/root/usr/lib/gcc/x86_64-redhat-linux/6.3.1/../../../../lib64/:/lib/../lib64/:/usr/lib/../lib64/:/opt/rh/devtoolset-6/root/usr/lib/gcc/x86_64-redhat-linux/6.3.1/../../../:/lib/:/usr/lib/]
  ignore line: [COLLECT_GCC_OPTIONS='-v' '-rdynamic' '-o' 'cmTC_a36ac' '-shared-libgcc' '-mtune=generic' '-march=x86-64']
  link line: [ /opt/rh/devtoolset-6/root/usr/libexec/gcc/x86_64-redhat-linux/6.3.1/collect2 -plugin /opt/rh/devtoolset-6/root/usr/libexec/gcc/x86_64-redhat-linux/6.3.1/liblto_plugin.so -plugin-opt=/opt/rh/devtoolset-6/root/usr/libexec/gcc/x86_64-redhat-linux/6.3.1/lto-wrapper -plugin-opt=-fresolution=/tmp/cch6Kp4g.res -plugin-opt=-pass-through=-lgcc_s -plugin-opt=-pass-through=-lgcc -plugin-opt=-pass-through=-lc -plugin-opt=-pass-through=-lgcc_s -plugin-opt=-pass-through=-lgcc --build-id --no-add-needed --eh-frame-hdr --hash-style=gnu -m elf_x86_64 -export-dynamic -dynamic-linker /lib64/ld-linux-x86-64.so.2 -o cmTC_a36ac /lib/../lib64/crt1.o /lib/../lib64/crti.o /opt/rh/devtoolset-6/root/usr/lib/gcc/x86_64-redhat-linux/6.3.1/crtbegin.o -L/opt/rh/devtoolset-6/root/usr/lib/gcc/x86_64-redhat-linux/6.3.1 -L/opt/rh/devtoolset-6/root/usr/lib/gcc/x86_64-redhat-linux/6.3.1/../../../../lib64 -L/lib/../lib64 -L/usr/lib/../lib64 -L/opt/rh/devtoolset-6/root/usr/lib/gcc/x86_64-redhat-linux/6.3.1/../../.. CMakeFiles/cmTC_a36ac.dir/CMakeCXXCompilerABI.cpp.o -lstdc++ -lm -lgcc_s -lgcc -lc -lgcc_s -lgcc /opt/rh/devtoolset-6/root/usr/lib/gcc/x86_64-redhat-linux/6.3.1/crtend.o /lib/../lib64/crtn.o]
    arg [/opt/rh/devtoolset-6/root/usr/libexec/gcc/x86_64-redhat-linux/6.3.1/collect2] ==> ignore
    arg [-plugin] ==> ignore
    arg [/opt/rh/devtoolset-6/root/usr/libexec/gcc/x86_64-redhat-linux/6.3.1/liblto_plugin.so] ==> ignore
    arg [-plugin-opt=/opt/rh/devtoolset-6/root/usr/libexec/gcc/x86_64-redhat-linux/6.3.1/lto-wrapper] ==> ignore
    arg [-plugin-opt=-fresolution=/tmp/cch6Kp4g.res] ==> ignore
    arg [-plugin-opt=-pass-through=-lgcc_s] ==> ignore
    arg [-plugin-opt=-pass-through=-lgcc] ==> ignore
    arg [-plugin-opt=-pass-through=-lc] ==> ignore
    arg [-plugin-opt=-pass-through=-lgcc_s] ==> ignore
    arg [-plugin-opt=-pass-through=-lgcc] ==> ignore
    arg [--build-id] ==> ignore
    arg [--no-add-needed] ==> ignore
    arg [--eh-frame-hdr] ==> ignore
    arg [--hash-style=gnu] ==> ignore
    arg [-m] ==> ignore
    arg [elf_x86_64] ==> ignore
    arg [-export-dynamic] ==> ignore
    arg [-dynamic-linker] ==> ignore
    arg [/lib64/ld-linux-x86-64.so.2] ==> ignore
    arg [-o] ==> ignore
    arg [cmTC_a36ac] ==> ignore
    arg [/lib/../lib64/crt1.o] ==> ignore
    arg [/lib/../lib64/crti.o] ==> ignore
    arg [/opt/rh/devtoolset-6/root/usr/lib/gcc/x86_64-redhat-linux/6.3.1/crtbegin.o] ==> ignore
    arg [-L/opt/rh/devtoolset-6/root/usr/lib/gcc/x86_64-redhat-linux/6.3.1] ==> dir [/opt/rh/devtoolset-6/root/usr/lib/gcc/x86_64-redhat-linux/6.3.1]
    arg [-L/opt/rh/devtoolset-6/root/usr/lib/gcc/x86_64-redhat-linux/6.3.1/../../../../lib64] ==> dir [/opt/rh/devtoolset-6/root/usr/lib/gcc/x86_64-redhat-linux/6.3.1/../../../../lib64]
    arg [-L/lib/../lib64] ==> dir [/lib/../lib64]
    arg [-L/usr/lib/../lib64] ==> dir [/usr/lib/../lib64]
    arg [-L/opt/rh/devtoolset-6/root/usr/lib/gcc/x86_64-redhat-linux/6.3.1/../../..] ==> dir [/opt/rh/devtoolset-6/root/usr/lib/gcc/x86_64-redhat-linux/6.3.1/../../..]
    arg [CMakeFiles/cmTC_a36ac.dir/CMakeCXXCompilerABI.cpp.o] ==> ignore
    arg [-lstdc++] ==> lib [stdc++]
    arg [-lm] ==> lib [m]
    arg [-lgcc_s] ==> lib [gcc_s]
    arg [-lgcc] ==> lib [gcc]
    arg [-lc] ==> lib [c]
    arg [-lgcc_s] ==> lib [gcc_s]
    arg [-lgcc] ==> lib [gcc]
    arg [/opt/rh/devtoolset-6/root/usr/lib/gcc/x86_64-redhat-linux/6.3.1/crtend.o] ==> ignore
    arg [/lib/../lib64/crtn.o] ==> ignore
  collapse library dir [/opt/rh/devtoolset-6/root/usr/lib/gcc/x86_64-redhat-linux/6.3.1] ==> [/opt/rh/devtoolset-6/root/usr/lib/gcc/x86_64-redhat-linux/6.3.1]
  collapse library dir [/opt/rh/devtoolset-6/root/usr/lib/gcc/x86_64-redhat-linux/6.3.1/../../../../lib64] ==> [/opt/rh/devtoolset-6/root/usr/lib64]
  collapse library dir [/lib/../lib64] ==> [/lib64]
  collapse library dir [/usr/lib/../lib64] ==> [/usr/lib64]
  collapse library dir [/opt/rh/devtoolset-6/root/usr/lib/gcc/x86_64-redhat-linux/6.3.1/../../..] ==> [/opt/rh/devtoolset-6/root/usr/lib]
  implicit libs: [stdc++;m;gcc_s;gcc;c;gcc_s;gcc]
  implicit dirs: [/opt/rh/devtoolset-6/root/usr/lib/gcc/x86_64-redhat-linux/6.3.1;/opt/rh/devtoolset-6/root/usr/lib64;/lib64;/usr/lib64;/opt/rh/devtoolset-6/root/usr/lib]
  implicit fwks: []


Determining if the include file pthread.h exists passed with the following output:
Change Dir: /home/csmajs/mvong006/lab-06---strategy-pattern-mvong006-isant028-amuni012/CMakeFiles/CMakeTmp

Run Build Command(s):/opt/rh/devtoolset-6/root/usr/bin/gmake cmTC_056e4/fast && /opt/rh/devtoolset-6/root/usr/bin/gmake  -f CMakeFiles/cmTC_056e4.dir/build.make CMakeFiles/cmTC_056e4.dir/build
gmake[1]: Entering directory '/home/csmajs/mvong006/lab-06---strategy-pattern-mvong006-isant028-amuni012/CMakeFiles/CMakeTmp'
Building C object CMakeFiles/cmTC_056e4.dir/CheckIncludeFile.c.o
/opt/rh/devtoolset-6/root/usr/bin/cc    -o CMakeFiles/cmTC_056e4.dir/CheckIncludeFile.c.o   -c /home/csmajs/mvong006/lab-06---strategy-pattern-mvong006-isant028-amuni012/CMakeFiles/CMakeTmp/CheckIncludeFile.c
Linking C executable cmTC_056e4
/usr/bin/cmake3 -E cmake_link_script CMakeFiles/cmTC_056e4.dir/link.txt --verbose=1
/opt/rh/devtoolset-6/root/usr/bin/cc      -rdynamic CMakeFiles/cmTC_056e4.dir/CheckIncludeFile.c.o  -o cmTC_056e4 
gmake[1]: Leaving directory '/home/csmajs/mvong006/lab-06---strategy-pattern-mvong006-isant028-amuni012/CMakeFiles/CMakeTmp'



Determining if the function pthread_create exists in the pthread passed with the following output:
Change Dir: /home/csmajs/mvong006/lab-06---strategy-pattern-mvong006-isant028-amuni012/CMakeFiles/CMakeTmp

Run Build Command(s):/opt/rh/devtoolset-6/root/usr/bin/gmake cmTC_24028/fast && /opt/rh/devtoolset-6/root/usr/bin/gmake  -f CMakeFiles/cmTC_24028.dir/build.make CMakeFiles/cmTC_24028.dir/build
gmake[1]: Entering directory '/home/csmajs/mvong006/lab-06---strategy-pattern-mvong006-isant028-amuni012/CMakeFiles/CMakeTmp'
Building C object CMakeFiles/cmTC_24028.dir/CheckFunctionExists.c.o
/opt/rh/devtoolset-6/root/usr/bin/cc   -DCHECK_FUNCTION_EXISTS=pthread_create   -o CMakeFiles/cmTC_24028.dir/CheckFunctionExists.c.o   -c /usr/share/cmake3/Modules/CheckFunctionExists.c
Linking C executable cmTC_24028
/usr/bin/cmake3 -E cmake_link_script CMakeFiles/cmTC_24028.dir/link.txt --verbose=1
/opt/rh/devtoolset-6/root/usr/bin/cc  -DCHECK_FUNCTION_EXISTS=pthread_create    -rdynamic CMakeFiles/cmTC_24028.dir/CheckFunctionExists.c.o  -o cmTC_24028  -lpthread 
gmake[1]: Leaving directory '/home/csmajs/mvong006/lab-06---strategy-pattern-mvong006-isant028-amuni012/CMakeFiles/CMakeTmp'



