Performing C SOURCE FILE Test CMAKE_HAVE_LIBC_PTHREAD failed with the following output:
Change Dir: /home/csmajs/isant028/lab-06---strategy-pattern-mvong006-isant028-amuni012/CMakeFiles/CMakeTmp

Run Build Command(s):/opt/rh/devtoolset-6/root/usr/bin/gmake cmTC_17329/fast && /opt/rh/devtoolset-6/root/usr/bin/gmake  -f CMakeFiles/cmTC_17329.dir/build.make CMakeFiles/cmTC_17329.dir/build
gmake[1]: Entering directory '/home/csmajs/isant028/lab-06---strategy-pattern-mvong006-isant028-amuni012/CMakeFiles/CMakeTmp'
Building C object CMakeFiles/cmTC_17329.dir/src.c.o
/opt/rh/devtoolset-6/root/usr/bin/cc   -DCMAKE_HAVE_LIBC_PTHREAD   -o CMakeFiles/cmTC_17329.dir/src.c.o   -c /home/csmajs/isant028/lab-06---strategy-pattern-mvong006-isant028-amuni012/CMakeFiles/CMakeTmp/src.c
Linking C executable cmTC_17329
/usr/bin/cmake3 -E cmake_link_script CMakeFiles/cmTC_17329.dir/link.txt --verbose=1
/opt/rh/devtoolset-6/root/usr/bin/cc  -DCMAKE_HAVE_LIBC_PTHREAD    -rdynamic CMakeFiles/cmTC_17329.dir/src.c.o  -o cmTC_17329 
CMakeFiles/cmTC_17329.dir/src.c.o: In function `main':
src.c:(.text+0x2d): undefined reference to `pthread_create'
src.c:(.text+0x39): undefined reference to `pthread_detach'
src.c:(.text+0x45): undefined reference to `pthread_cancel'
src.c:(.text+0x56): undefined reference to `pthread_join'
src.c:(.text+0x6a): undefined reference to `pthread_atfork'
collect2: error: ld returned 1 exit status
CMakeFiles/cmTC_17329.dir/build.make:106: recipe for target 'cmTC_17329' failed
gmake[1]: *** [cmTC_17329] Error 1
gmake[1]: Leaving directory '/home/csmajs/isant028/lab-06---strategy-pattern-mvong006-isant028-amuni012/CMakeFiles/CMakeTmp'
Makefile:141: recipe for target 'cmTC_17329/fast' failed
gmake: *** [cmTC_17329/fast] Error 2


Source file was:
#include <pthread.h>

void* test_func(void* data)
{
  return data;
}

int main(void)
{
  pthread_t thread;
  pthread_create(&thread, NULL, test_func, NULL);
  pthread_detach(thread);
  pthread_cancel(thread);
  pthread_join(thread, NULL);
  pthread_atfork(NULL, NULL, NULL);
  pthread_exit(NULL);

  return 0;
}

Determining if the function pthread_create exists in the pthreads failed with the following output:
Change Dir: /home/csmajs/isant028/lab-06---strategy-pattern-mvong006-isant028-amuni012/CMakeFiles/CMakeTmp

Run Build Command(s):/opt/rh/devtoolset-6/root/usr/bin/gmake cmTC_1a31f/fast && /opt/rh/devtoolset-6/root/usr/bin/gmake  -f CMakeFiles/cmTC_1a31f.dir/build.make CMakeFiles/cmTC_1a31f.dir/build
gmake[1]: Entering directory '/home/csmajs/isant028/lab-06---strategy-pattern-mvong006-isant028-amuni012/CMakeFiles/CMakeTmp'
Building C object CMakeFiles/cmTC_1a31f.dir/CheckFunctionExists.c.o
/opt/rh/devtoolset-6/root/usr/bin/cc   -DCHECK_FUNCTION_EXISTS=pthread_create   -o CMakeFiles/cmTC_1a31f.dir/CheckFunctionExists.c.o   -c /usr/share/cmake3/Modules/CheckFunctionExists.c
Linking C executable cmTC_1a31f
/usr/bin/cmake3 -E cmake_link_script CMakeFiles/cmTC_1a31f.dir/link.txt --verbose=1
/opt/rh/devtoolset-6/root/usr/bin/cc  -DCHECK_FUNCTION_EXISTS=pthread_create    -rdynamic CMakeFiles/cmTC_1a31f.dir/CheckFunctionExists.c.o  -o cmTC_1a31f  -lpthreads 
/opt/rh/devtoolset-6/root/usr/libexec/gcc/x86_64-redhat-linux/6.3.1/ld: cannot find -lpthreads
collect2: error: ld returned 1 exit status
CMakeFiles/cmTC_1a31f.dir/build.make:106: recipe for target 'cmTC_1a31f' failed
gmake[1]: *** [cmTC_1a31f] Error 1
gmake[1]: Leaving directory '/home/csmajs/isant028/lab-06---strategy-pattern-mvong006-isant028-amuni012/CMakeFiles/CMakeTmp'
Makefile:141: recipe for target 'cmTC_1a31f/fast' failed
gmake: *** [cmTC_1a31f/fast] Error 2



Performing C SOURCE FILE Test CMAKE_HAVE_LIBC_PTHREAD failed with the following output:
Change Dir: /home/csmajs/mvong006/lab-06---strategy-pattern-mvong006-isant028-amuni012/CMakeFiles/CMakeTmp

Run Build Command(s):/opt/rh/devtoolset-6/root/usr/bin/gmake cmTC_995f7/fast && /opt/rh/devtoolset-6/root/usr/bin/gmake  -f CMakeFiles/cmTC_995f7.dir/build.make CMakeFiles/cmTC_995f7.dir/build
gmake[1]: Entering directory '/home/csmajs/mvong006/lab-06---strategy-pattern-mvong006-isant028-amuni012/CMakeFiles/CMakeTmp'
Building C object CMakeFiles/cmTC_995f7.dir/src.c.o
/opt/rh/devtoolset-6/root/usr/bin/cc   -DCMAKE_HAVE_LIBC_PTHREAD   -o CMakeFiles/cmTC_995f7.dir/src.c.o   -c /home/csmajs/mvong006/lab-06---strategy-pattern-mvong006-isant028-amuni012/CMakeFiles/CMakeTmp/src.c
Linking C executable cmTC_995f7
/usr/bin/cmake3 -E cmake_link_script CMakeFiles/cmTC_995f7.dir/link.txt --verbose=1
/opt/rh/devtoolset-6/root/usr/bin/cc  -DCMAKE_HAVE_LIBC_PTHREAD    -rdynamic CMakeFiles/cmTC_995f7.dir/src.c.o  -o cmTC_995f7 
CMakeFiles/cmTC_995f7.dir/src.c.o: In function `main':
src.c:(.text+0x2d): undefined reference to `pthread_create'
src.c:(.text+0x39): undefined reference to `pthread_detach'
src.c:(.text+0x45): undefined reference to `pthread_cancel'
src.c:(.text+0x56): undefined reference to `pthread_join'
src.c:(.text+0x6a): undefined reference to `pthread_atfork'
collect2: error: ld returned 1 exit status
CMakeFiles/cmTC_995f7.dir/build.make:106: recipe for target 'cmTC_995f7' failed
gmake[1]: *** [cmTC_995f7] Error 1
gmake[1]: Leaving directory '/home/csmajs/mvong006/lab-06---strategy-pattern-mvong006-isant028-amuni012/CMakeFiles/CMakeTmp'
Makefile:141: recipe for target 'cmTC_995f7/fast' failed
gmake: *** [cmTC_995f7/fast] Error 2


Source file was:
#include <pthread.h>

void* test_func(void* data)
{
  return data;
}

int main(void)
{
  pthread_t thread;
  pthread_create(&thread, NULL, test_func, NULL);
  pthread_detach(thread);
  pthread_cancel(thread);
  pthread_join(thread, NULL);
  pthread_atfork(NULL, NULL, NULL);
  pthread_exit(NULL);

  return 0;
}

Determining if the function pthread_create exists in the pthreads failed with the following output:
Change Dir: /home/csmajs/mvong006/lab-06---strategy-pattern-mvong006-isant028-amuni012/CMakeFiles/CMakeTmp

Run Build Command(s):/opt/rh/devtoolset-6/root/usr/bin/gmake cmTC_4cc74/fast && /opt/rh/devtoolset-6/root/usr/bin/gmake  -f CMakeFiles/cmTC_4cc74.dir/build.make CMakeFiles/cmTC_4cc74.dir/build
gmake[1]: Entering directory '/home/csmajs/mvong006/lab-06---strategy-pattern-mvong006-isant028-amuni012/CMakeFiles/CMakeTmp'
Building C object CMakeFiles/cmTC_4cc74.dir/CheckFunctionExists.c.o
/opt/rh/devtoolset-6/root/usr/bin/cc   -DCHECK_FUNCTION_EXISTS=pthread_create   -o CMakeFiles/cmTC_4cc74.dir/CheckFunctionExists.c.o   -c /usr/share/cmake3/Modules/CheckFunctionExists.c
Linking C executable cmTC_4cc74
/usr/bin/cmake3 -E cmake_link_script CMakeFiles/cmTC_4cc74.dir/link.txt --verbose=1
/opt/rh/devtoolset-6/root/usr/bin/cc  -DCHECK_FUNCTION_EXISTS=pthread_create    -rdynamic CMakeFiles/cmTC_4cc74.dir/CheckFunctionExists.c.o  -o cmTC_4cc74  -lpthreads 
/opt/rh/devtoolset-6/root/usr/libexec/gcc/x86_64-redhat-linux/6.3.1/ld: cannot find -lpthreads
collect2: error: ld returned 1 exit status
CMakeFiles/cmTC_4cc74.dir/build.make:106: recipe for target 'cmTC_4cc74' failed
gmake[1]: *** [cmTC_4cc74] Error 1
gmake[1]: Leaving directory '/home/csmajs/mvong006/lab-06---strategy-pattern-mvong006-isant028-amuni012/CMakeFiles/CMakeTmp'
Makefile:141: recipe for target 'cmTC_4cc74/fast' failed
gmake: *** [cmTC_4cc74/fast] Error 2



Performing C SOURCE FILE Test CMAKE_HAVE_LIBC_PTHREAD failed with the following output:
Change Dir: /home/csmajs/amuni012/lab-06---strategy-pattern-mvong006-isant028-amuni012/CMakeFiles/CMakeTmp

Run Build Command(s):/opt/rh/devtoolset-6/root/usr/bin/gmake cmTC_ed6a7/fast && /opt/rh/devtoolset-6/root/usr/bin/gmake  -f CMakeFiles/cmTC_ed6a7.dir/build.make CMakeFiles/cmTC_ed6a7.dir/build
gmake[1]: Entering directory '/home/csmajs/amuni012/lab-06---strategy-pattern-mvong006-isant028-amuni012/CMakeFiles/CMakeTmp'
Building C object CMakeFiles/cmTC_ed6a7.dir/src.c.o
/opt/rh/devtoolset-6/root/usr/bin/cc   -DCMAKE_HAVE_LIBC_PTHREAD   -o CMakeFiles/cmTC_ed6a7.dir/src.c.o   -c /home/csmajs/amuni012/lab-06---strategy-pattern-mvong006-isant028-amuni012/CMakeFiles/CMakeTmp/src.c
Linking C executable cmTC_ed6a7
/usr/bin/cmake3 -E cmake_link_script CMakeFiles/cmTC_ed6a7.dir/link.txt --verbose=1
/opt/rh/devtoolset-6/root/usr/bin/cc  -DCMAKE_HAVE_LIBC_PTHREAD    -rdynamic CMakeFiles/cmTC_ed6a7.dir/src.c.o  -o cmTC_ed6a7 
CMakeFiles/cmTC_ed6a7.dir/src.c.o: In function `main':
src.c:(.text+0x2d): undefined reference to `pthread_create'
src.c:(.text+0x39): undefined reference to `pthread_detach'
src.c:(.text+0x45): undefined reference to `pthread_cancel'
src.c:(.text+0x56): undefined reference to `pthread_join'
src.c:(.text+0x6a): undefined reference to `pthread_atfork'
collect2: error: ld returned 1 exit status
CMakeFiles/cmTC_ed6a7.dir/build.make:106: recipe for target 'cmTC_ed6a7' failed
gmake[1]: *** [cmTC_ed6a7] Error 1
gmake[1]: Leaving directory '/home/csmajs/amuni012/lab-06---strategy-pattern-mvong006-isant028-amuni012/CMakeFiles/CMakeTmp'
Makefile:141: recipe for target 'cmTC_ed6a7/fast' failed
gmake: *** [cmTC_ed6a7/fast] Error 2


Source file was:
#include <pthread.h>

void* test_func(void* data)
{
  return data;
}

int main(void)
{
  pthread_t thread;
  pthread_create(&thread, NULL, test_func, NULL);
  pthread_detach(thread);
  pthread_cancel(thread);
  pthread_join(thread, NULL);
  pthread_atfork(NULL, NULL, NULL);
  pthread_exit(NULL);

  return 0;
}

Determining if the function pthread_create exists in the pthreads failed with the following output:
Change Dir: /home/csmajs/amuni012/lab-06---strategy-pattern-mvong006-isant028-amuni012/CMakeFiles/CMakeTmp

Run Build Command(s):/opt/rh/devtoolset-6/root/usr/bin/gmake cmTC_2890e/fast && /opt/rh/devtoolset-6/root/usr/bin/gmake  -f CMakeFiles/cmTC_2890e.dir/build.make CMakeFiles/cmTC_2890e.dir/build
gmake[1]: Entering directory '/home/csmajs/amuni012/lab-06---strategy-pattern-mvong006-isant028-amuni012/CMakeFiles/CMakeTmp'
Building C object CMakeFiles/cmTC_2890e.dir/CheckFunctionExists.c.o
/opt/rh/devtoolset-6/root/usr/bin/cc   -DCHECK_FUNCTION_EXISTS=pthread_create   -o CMakeFiles/cmTC_2890e.dir/CheckFunctionExists.c.o   -c /usr/share/cmake3/Modules/CheckFunctionExists.c
Linking C executable cmTC_2890e
/usr/bin/cmake3 -E cmake_link_script CMakeFiles/cmTC_2890e.dir/link.txt --verbose=1
/opt/rh/devtoolset-6/root/usr/bin/cc  -DCHECK_FUNCTION_EXISTS=pthread_create    -rdynamic CMakeFiles/cmTC_2890e.dir/CheckFunctionExists.c.o  -o cmTC_2890e  -lpthreads 
/opt/rh/devtoolset-6/root/usr/libexec/gcc/x86_64-redhat-linux/6.3.1/ld: cannot find -lpthreads
collect2: error: ld returned 1 exit status
CMakeFiles/cmTC_2890e.dir/build.make:106: recipe for target 'cmTC_2890e' failed
gmake[1]: *** [cmTC_2890e] Error 1
gmake[1]: Leaving directory '/home/csmajs/amuni012/lab-06---strategy-pattern-mvong006-isant028-amuni012/CMakeFiles/CMakeTmp'
Makefile:141: recipe for target 'cmTC_2890e/fast' failed
gmake: *** [cmTC_2890e/fast] Error 2



